ocaml setup.ml -configure 

Configuration: 
ocamlfind: ........................................... /mnt/ramdisk/opam-report/.opam/system/bin/ocamlfind
ocamlc: .............................................. /usr/bin/ocamlc.opt
ocamlopt: ............................................ /usr/bin/ocamlopt.opt
ocamlbuild: .......................................... /usr/bin/ocamlbuild
Package name: ........................................ libvhd
Package version: ..................................... 0.9.0
os_type: ............................................. Unix
system: .............................................. linux_elf
architecture: ........................................ i386
ccomp_type: .......................................... cc
ocaml_version: ....................................... 4.00.1
standard_library_default: ............................ /usr/lib/ocaml
standard_library: .................................... /usr/lib/ocaml
standard_runtime: .................................... /usr/bin/ocamlrun
bytecomp_c_compiler: ................................. gcc -fno-defer-pop -Wall -D_FILE_OFFSET_BITS=64 -D_REENTRANT -fPIC
native_c_compiler: ................................... gcc -Wall -D_FILE_OFFSET_BITS=64 -D_REENTRANT
model: ............................................... default
ext_obj: ............................................. .o
ext_asm: ............................................. .s
ext_lib: ............................................. .a
ext_dll: ............................................. .so
default_executable_name: ............................. a.out
systhread_supported: ................................. true
Install architecture-independent files dir: .......... /usr/local
Install architecture-dependent files in dir: ......... $prefix
User executables: .................................... $exec_prefix/bin
System admin executables: ............................ $exec_prefix/sbin
Program executables: ................................. $exec_prefix/libexec
Read-only single-machine data: ....................... $prefix/etc
Modifiable architecture-independent data: ............ $prefix/com
Modifiable single-machine data: ...................... $prefix/var
Object code libraries: ............................... $exec_prefix/lib
Read-only arch-independent data root: ................ $prefix/share
Read-only architecture-independent data: ............. $datarootdir
Info documentation: .................................. $datarootdir/info
Locale-dependent data: ............................... $datarootdir/locale
Man documentation: ................................... $datarootdir/man
Documentation root: .................................. $datarootdir/doc/$pkg_name
HTML documentation: .................................. $docdir
DVI documentation: ................................... $docdir
PDF documentation: ................................... $docdir
PS documentation: .................................... $docdir
findlib_version: ..................................... 1.4
is_native: ........................................... true
suffix_program: ...................................... 
Remove a file.: ...................................... rm -f
Remove a directory.: ................................. rm -rf
Turn ocaml debug flag on: ............................ true
Turn ocaml profile flag on: .......................... false
Compiler support generation of .cmxs.: ............... true
OCamlbuild additional flags: ......................... 
Create documentations: ............................... true
Compile tests executable and library and run them: ... false

ocaml setup.ml -build 
/usr/bin/ocamlopt.opt -I /usr/lib/ocaml/ocamlbuild unix.cmxa /usr/lib/ocaml/ocamlbuild/ocamlbuildlib.cmxa myocamlbuild.ml /usr/lib/ocaml/ocamlbuild/ocamlbuild.cmx -o myocamlbuild
ocamlfind ocamlc -c lib/vhd_stubs.c
+ ocamlfind ocamlc -c lib/vhd_stubs.c
lib/vhd_stubs.c:11:24: erreur fatale: vhd/libvhd.h : Aucun fichier ou dossier de ce type
compilation terminée.
Command exited with code 2.
