ocamlopt.opt -o setup.exe setup.ml || ocamlopt -o setup.exe setup.ml || ocamlc -o setup.exe setup.ml
rm -f setup.cmx setup.cmi setup.o setup.obj setup.cmo
./setup.exe -configure 

Configuration: 
ocamlfind: ........................................... /mnt/ramdisk/opam-report/.opam/system/bin/ocamlfind
ocamlc: .............................................. /usr/bin/ocamlc.opt
ocamlopt: ............................................ /usr/bin/ocamlopt.opt
ocamlbuild: .......................................... /usr/bin/ocamlbuild
Package name: ........................................ jenga
Package version: ..................................... 109.38.00
os_type: ............................................. Unix
system: .............................................. linux_elf
architecture: ........................................ i386
ccomp_type: .......................................... cc
ocaml_version: ....................................... 4.00.1
standard_library_default: ............................ /usr/lib/ocaml
standard_library: .................................... /usr/lib/ocaml
standard_runtime: .................................... /usr/bin/ocamlrun
bytecomp_c_compiler: ................................. gcc -fno-defer-pop -Wall -D_FILE_OFFSET_BITS=64 -D_REENTRANT -fPIC
native_c_compiler: ................................... gcc -Wall -D_FILE_OFFSET_BITS=64 -D_REENTRANT
model: ............................................... default
ext_obj: ............................................. .o
ext_asm: ............................................. .s
ext_lib: ............................................. .a
ext_dll: ............................................. .so
default_executable_name: ............................. a.out
systhread_supported: ................................. true
Install architecture-independent files dir: .......... /mnt/ramdisk/opam-report/.opam/system
Install architecture-dependent files in dir: ......... $prefix
User executables: .................................... $exec_prefix/bin
System admin executables: ............................ $exec_prefix/sbin
Program executables: ................................. $exec_prefix/libexec
Read-only single-machine data: ....................... $prefix/etc
Modifiable architecture-independent data: ............ $prefix/com
Modifiable single-machine data: ...................... $prefix/var
Object code libraries: ............................... $exec_prefix/lib
Read-only arch-independent data root: ................ $prefix/share
Read-only architecture-independent data: ............. $datarootdir
Info documentation: .................................. $datarootdir/info
Locale-dependent data: ............................... $datarootdir/locale
Man documentation: ................................... $datarootdir/man
Documentation root: .................................. $datarootdir/doc/$pkg_name
HTML documentation: .................................. $docdir
DVI documentation: ................................... $docdir
PDF documentation: ................................... $docdir
PS documentation: .................................... $docdir
findlib_version: ..................................... 1.4
is_native: ........................................... true
suffix_program: ...................................... 
Remove a file.: ...................................... rm -f
Remove a directory.: ................................. rm -rf
Turn ocaml debug flag on: ............................ true
Turn ocaml profile flag on: .......................... false
Compiler support generation of .cmxs.: ............... true
OCamlbuild additional flags: ......................... 
Create documentations: ............................... true
Compile tests executable and library and run them: ... false
camlp4o: ............................................. /usr/bin/camlp4o
pkg_async: ........................................... /mnt/ramdisk/opam-report/.opam/system/lib/async
pkg_async_inotify: ................................... /mnt/ramdisk/opam-report/.opam/system/lib/async_inotify
pkg_parallel: ........................................ /mnt/ramdisk/opam-report/.opam/system/lib/parallel
pkg_async_shell: ..................................... /mnt/ramdisk/opam-report/.opam/system/lib/async_shell
pkg_bin_prot: ........................................ /mnt/ramdisk/opam-report/.opam/system/lib/bin_prot
pkg_bin_prot_syntax: ................................. /mnt/ramdisk/opam-report/.opam/system/lib/bin_prot
pkg_comparelib: ...................................... /mnt/ramdisk/opam-report/.opam/system/lib/comparelib
pkg_comparelib_syntax: ............................... /mnt/ramdisk/opam-report/.opam/system/lib/comparelib
pkg_core: ............................................ /mnt/ramdisk/opam-report/.opam/system/lib/core
pkg_core_extended: ................................... /mnt/ramdisk/opam-report/.opam/system/lib/core_extended
pkg_fieldslib: ....................................... /mnt/ramdisk/opam-report/.opam/system/lib/fieldslib
pkg_fieldslib_syntax: ................................ /mnt/ramdisk/opam-report/.opam/system/lib/fieldslib
pkg_ocaml_plugin: .................................... /mnt/ramdisk/opam-report/.opam/system/lib/ocaml_plugin
pkg_pcre: ............................................ /mnt/ramdisk/opam-report/.opam/system/lib/pcre
pkg_sexplib: ......................................... /mnt/ramdisk/opam-report/.opam/system/lib/sexplib
pkg_sexplib_syntax: .................................. /mnt/ramdisk/opam-report/.opam/system/lib/sexplib
pkg_str: ............................................. /usr/lib/ocaml
pkg_threads: ......................................... /usr/lib/ocaml
pkg_type_conv: ....................................... /mnt/ramdisk/opam-report/.opam/system/lib/type_conv
pkg_ocaml_plugin_fake: ............................... /mnt/ramdisk/opam-report/.opam/system/lib/ocaml_plugin

./setup.exe -build 
/usr/bin/ocamlopt.opt -I /usr/lib/ocaml/ocamlbuild unix.cmxa /usr/lib/ocaml/ocamlbuild/ocamlbuildlib.cmxa myocamlbuild.ml /usr/lib/ocaml/ocamlbuild/ocamlbuild.cmx -o myocamlbuild
ocamlfind ocamldep -package threads -package str -package sexplib.syntax -package sexplib -package pcre -package parallel -package ocaml_plugin -package fieldslib.syntax -package fieldslib -package core_extended -package core -package comparelib.syntax -package comparelib -package bin_prot.syntax -package bin_prot -package async_shell -package async_inotify -package async -syntax camlp4o -modules lib/api.mli > lib/api.mli.depends
ocamlfind ocamldep -package threads -package str -package sexplib.syntax -package sexplib -package pcre -package parallel -package ocaml_plugin -package fieldslib.syntax -package fieldslib -package core_extended -package core -package comparelib.syntax -package comparelib -package bin_prot.syntax -package bin_prot -package async_shell -package async_inotify -package async -syntax camlp4o -modules lib/description.mli > lib/description.mli.depends
ocamlfind ocamldep -package threads -package str -package sexplib.syntax -package sexplib -package pcre -package parallel -package ocaml_plugin -package fieldslib.syntax -package fieldslib -package core_extended -package core -package comparelib.syntax -package comparelib -package bin_prot.syntax -package bin_prot -package async_shell -package async_inotify -package async -syntax camlp4o -modules lib/fs.mli > lib/fs.mli.depends
ocamlfind ocamldep -package threads -package str -package sexplib.syntax -package sexplib -package pcre -package parallel -package ocaml_plugin -package fieldslib.syntax -package fieldslib -package core_extended -package core -package comparelib.syntax -package comparelib -package bin_prot.syntax -package bin_prot -package async_shell -package async_inotify -package async -syntax camlp4o -modules lib/effort.mli > lib/effort.mli.depends
ocamlfind ocamldep -package threads -package str -package sexplib.syntax -package sexplib -package pcre -package parallel -package ocaml_plugin -package fieldslib.syntax -package fieldslib -package core_extended -package core -package comparelib.syntax -package comparelib -package bin_prot.syntax -package bin_prot -package async_shell -package async_inotify -package async -syntax camlp4o -modules lib/path.mli > lib/path.mli.depends
ocamlfind ocamldep -package threads -package str -package sexplib.syntax -package sexplib -package pcre -package parallel -package ocaml_plugin -package fieldslib.syntax -package fieldslib -package core_extended -package core -package comparelib.syntax -package comparelib -package bin_prot.syntax -package bin_prot -package async_shell -package async_inotify -package async -syntax camlp4o -modules lib/tenacious.mli > lib/tenacious.mli.depends
ocamlfind ocamldep -package threads -package str -package sexplib.syntax -package sexplib -package pcre -package parallel -package ocaml_plugin -package fieldslib.syntax -package fieldslib -package core_extended -package core -package comparelib.syntax -package comparelib -package bin_prot.syntax -package bin_prot -package async_shell -package async_inotify -package async -syntax camlp4o -modules lib/heart.mli > lib/heart.mli.depends
ocamlfind ocamlc -c -g -package threads -package str -package sexplib.syntax -package sexplib -package pcre -package parallel -package ocaml_plugin -package fieldslib.syntax -package fieldslib -package core_extended -package core -package comparelib.syntax -package comparelib -package bin_prot.syntax -package bin_prot -package async_shell -package async_inotify -package async -syntax camlp4o -thread -I lib -o lib/heart.cmi lib/heart.mli
ocamlfind ocamlc -c -g -package threads -package str -package sexplib.syntax -package sexplib -package pcre -package parallel -package ocaml_plugin -package fieldslib.syntax -package fieldslib -package core_extended -package core -package comparelib.syntax -package comparelib -package bin_prot.syntax -package bin_prot -package async_shell -package async_inotify -package async -syntax camlp4o -thread -I lib -o lib/effort.cmi lib/effort.mli
ocamlfind ocamlc -c -g -package threads -package str -package sexplib.syntax -package sexplib -package pcre -package parallel -package ocaml_plugin -package fieldslib.syntax -package fieldslib -package core_extended -package core -package comparelib.syntax -package comparelib -package bin_prot.syntax -package bin_prot -package async_shell -package async_inotify -package async -syntax camlp4o -thread -I lib -o lib/path.cmi lib/path.mli
ocamlfind ocamlc -c -g -package threads -package str -package sexplib.syntax -package sexplib -package pcre -package parallel -package ocaml_plugin -package fieldslib.syntax -package fieldslib -package core_extended -package core -package comparelib.syntax -package comparelib -package bin_prot.syntax -package bin_prot -package async_shell -package async_inotify -package async -syntax camlp4o -thread -I lib -o lib/tenacious.cmi lib/tenacious.mli
ocamlfind ocamldep -package threads -package str -package sexplib.syntax -package sexplib -package pcre -package parallel -package ocaml_plugin -package fieldslib.syntax -package fieldslib -package core_extended -package core -package comparelib.syntax -package comparelib -package bin_prot.syntax -package bin_prot -package async_shell -package async_inotify -package async -syntax camlp4o -modules lib/pattern.mli > lib/pattern.mli.depends
ocamlfind ocamldep -package threads -package str -package sexplib.syntax -package sexplib -package pcre -package parallel -package ocaml_plugin -package fieldslib.syntax -package fieldslib -package core_extended -package core -package comparelib.syntax -package comparelib -package bin_prot.syntax -package bin_prot -package async_shell -package async_inotify -package async -syntax camlp4o -modules lib/version.ml > lib/version.ml.depends
ocamlfind ocamlc -c -g -package threads -package str -package sexplib.syntax -package sexplib -package pcre -package parallel -package ocaml_plugin -package fieldslib.syntax -package fieldslib -package core_extended -package core -package comparelib.syntax -package comparelib -package bin_prot.syntax -package bin_prot -package async_shell -package async_inotify -package async -syntax camlp4o -thread -I lib -o lib/fs.cmi lib/fs.mli
ocamlfind ocamlc -c -g -package threads -package str -package sexplib.syntax -package sexplib -package pcre -package parallel -package ocaml_plugin -package fieldslib.syntax -package fieldslib -package core_extended -package core -package comparelib.syntax -package comparelib -package bin_prot.syntax -package bin_prot -package async_shell -package async_inotify -package async -syntax camlp4o -thread -I lib -o lib/pattern.cmi lib/pattern.mli
ocamlfind ocamlc -c -g -package threads -package str -package sexplib.syntax -package sexplib -package pcre -package parallel -package ocaml_plugin -package fieldslib.syntax -package fieldslib -package core_extended -package core -package comparelib.syntax -package comparelib -package bin_prot.syntax -package bin_prot -package async_shell -package async_inotify -package async -syntax camlp4o -thread -I lib -o lib/version.cmo lib/version.ml
ocamlfind ocamlc -c -g -package threads -package str -package sexplib.syntax -package sexplib -package pcre -package parallel -package ocaml_plugin -package fieldslib.syntax -package fieldslib -package core_extended -package core -package comparelib.syntax -package comparelib -package bin_prot.syntax -package bin_prot -package async_shell -package async_inotify -package async -syntax camlp4o -thread -I lib -o lib/description.cmi lib/description.mli
ocamlfind ocamlc -c -g -package threads -package str -package sexplib.syntax -package sexplib -package pcre -package parallel -package ocaml_plugin -package fieldslib.syntax -package fieldslib -package core_extended -package core -package comparelib.syntax -package comparelib -package bin_prot.syntax -package bin_prot -package async_shell -package async_inotify -package async -syntax camlp4o -thread -I lib -o lib/api.cmi lib/api.mli
ocamlfind ocamldep -package threads -package str -package sexplib.syntax -package sexplib -package pcre -package parallel -package ocaml_plugin -package fieldslib.syntax -package fieldslib -package core_extended -package core -package comparelib.syntax -package comparelib -package bin_prot.syntax -package bin_prot -package async_shell -package async_inotify -package async -syntax camlp4o -modules lib/api.ml > lib/api.ml.depends
ocamlfind ocamldep -package threads -package str -package sexplib.syntax -package sexplib -package pcre -package parallel -package ocaml_plugin -package fieldslib.syntax -package fieldslib -package core_extended -package core -package comparelib.syntax -package comparelib -package bin_prot.syntax -package bin_prot -package async_shell -package async_inotify -package async -syntax camlp4o -modules lib/config.ml > lib/config.ml.depends
ocamlfind ocamldep -package threads -package str -package sexplib.syntax -package sexplib -package pcre -package parallel -package ocaml_plugin -package fieldslib.syntax -package fieldslib -package core_extended -package core -package comparelib.syntax -package comparelib -package bin_prot.syntax -package bin_prot -package async_shell -package async_inotify -package async -syntax camlp4o -modules lib/file_access.mli > lib/file_access.mli.depends
ocamlfind ocamldep -package threads -package str -package sexplib.syntax -package sexplib -package pcre -package parallel -package ocaml_plugin -package fieldslib.syntax -package fieldslib -package core_extended -package core -package comparelib.syntax -package comparelib -package bin_prot.syntax -package bin_prot -package async_shell -package async_inotify -package async -syntax camlp4o -modules lib/for_user.mli > lib/for_user.mli.depends
ocamlfind ocamlc -c -g -package threads -package str -package sexplib.syntax -package sexplib -package pcre -package parallel -package ocaml_plugin -package fieldslib.syntax -package fieldslib -package core_extended -package core -package comparelib.syntax -package comparelib -package bin_prot.syntax -package bin_prot -package async_shell -package async_inotify -package async -syntax camlp4o -thread -I lib -o lib/config.cmo lib/config.ml
ocamlfind ocamldep -package threads -package str -package sexplib.syntax -package sexplib -package pcre -package parallel -package ocaml_plugin -package fieldslib.syntax -package fieldslib -package core_extended -package core -package comparelib.syntax -package comparelib -package bin_prot.syntax -package bin_prot -package async_shell -package async_inotify -package async -syntax camlp4o -modules lib/forker.mli > lib/forker.mli.depends
ocamlfind ocamldep -package threads -package str -package sexplib.syntax -package sexplib -package pcre -package parallel -package ocaml_plugin -package fieldslib.syntax -package fieldslib -package core_extended -package core -package comparelib.syntax -package comparelib -package bin_prot.syntax -package bin_prot -package async_shell -package async_inotify -package async -syntax camlp4o -modules lib/job.mli > lib/job.mli.depends
ocamlfind ocamlc -c -g -package threads -package str -package sexplib.syntax -package sexplib -package pcre -package parallel -package ocaml_plugin -package fieldslib.syntax -package fieldslib -package core_extended -package core -package comparelib.syntax -package comparelib -package bin_prot.syntax -package bin_prot -package async_shell -package async_inotify -package async -syntax camlp4o -thread -I lib -o lib/forker.cmi lib/forker.mli
ocamlfind ocamlc -c -g -package threads -package str -package sexplib.syntax -package sexplib -package pcre -package parallel -package ocaml_plugin -package fieldslib.syntax -package fieldslib -package core_extended -package core -package comparelib.syntax -package comparelib -package bin_prot.syntax -package bin_prot -package async_shell -package async_inotify -package async -syntax camlp4o -thread -I lib -o lib/file_access.cmi lib/file_access.mli
ocamlfind ocamlc -c -g -package threads -package str -package sexplib.syntax -package sexplib -package pcre -package parallel -package ocaml_plugin -package fieldslib.syntax -package fieldslib -package core_extended -package core -package comparelib.syntax -package comparelib -package bin_prot.syntax -package bin_prot -package async_shell -package async_inotify -package async -syntax camlp4o -thread -I lib -o lib/for_user.cmi lib/for_user.mli
ocamlfind ocamlc -c -g -package threads -package str -package sexplib.syntax -package sexplib -package pcre -package parallel -package ocaml_plugin -package fieldslib.syntax -package fieldslib -package core_extended -package core -package comparelib.syntax -package comparelib -package bin_prot.syntax -package bin_prot -package async_shell -package async_inotify -package async -syntax camlp4o -thread -I lib -o lib/job.cmi lib/job.mli
ocamlfind ocamldep -package threads -package str -package sexplib.syntax -package sexplib -package pcre -package parallel -package ocaml_plugin -package fieldslib.syntax -package fieldslib -package core_extended -package core -package comparelib.syntax -package comparelib -package bin_prot.syntax -package bin_prot -package async_shell -package async_inotify -package async -syntax camlp4o -modules lib/build.mli > lib/build.mli.depends
ocamlfind ocamldep -package threads -package str -package sexplib.syntax -package sexplib -package pcre -package parallel -package ocaml_plugin -package fieldslib.syntax -package fieldslib -package core_extended -package core -package comparelib.syntax -package comparelib -package bin_prot.syntax -package bin_prot -package async_shell -package async_inotify -package async -syntax camlp4o -modules lib/mon.mli > lib/mon.mli.depends
ocamlfind ocamlc -c -g -package threads -package str -package sexplib.syntax -package sexplib -package pcre -package parallel -package ocaml_plugin -package fieldslib.syntax -package fieldslib -package core_extended -package core -package comparelib.syntax -package comparelib -package bin_prot.syntax -package bin_prot -package async_shell -package async_inotify -package async -syntax camlp4o -thread -I lib -o lib/mon.cmi lib/mon.mli
ocamlfind ocamlc -c -g -package threads -package str -package sexplib.syntax -package sexplib -package pcre -package parallel -package ocaml_plugin -package fieldslib.syntax -package fieldslib -package core_extended -package core -package comparelib.syntax -package comparelib -package bin_prot.syntax -package bin_prot -package async_shell -package async_inotify -package async -syntax camlp4o -thread -I lib -o lib/build.cmi lib/build.mli
ocamlfind ocamldep -package threads -package str -package sexplib.syntax -package sexplib -package pcre -package parallel -package ocaml_plugin -package fieldslib.syntax -package fieldslib -package core_extended -package core -package comparelib.syntax -package comparelib -package bin_prot.syntax -package bin_prot -package async_shell -package async_inotify -package async -syntax camlp4o -modules lib/build.ml > lib/build.ml.depends
ocamlfind ocamldep -package threads -package str -package sexplib.syntax -package sexplib -package pcre -package parallel -package ocaml_plugin -package fieldslib.syntax -package fieldslib -package core_extended -package core -package comparelib.syntax -package comparelib -package bin_prot.syntax -package bin_prot -package async_shell -package async_inotify -package async -syntax camlp4o -modules lib/discovered_graph.mli > lib/discovered_graph.mli.depends
ocamlfind ocamldep -package threads -package str -package sexplib.syntax -package sexplib -package pcre -package parallel -package ocaml_plugin -package fieldslib.syntax -package fieldslib -package core_extended -package core -package comparelib.syntax -package comparelib -package bin_prot.syntax -package bin_prot -package async_shell -package async_inotify -package async -syntax camlp4o -modules lib/load_root.mli > lib/load_root.mli.depends
ocamlfind ocamldep -package threads -package str -package sexplib.syntax -package sexplib -package pcre -package parallel -package ocaml_plugin -package fieldslib.syntax -package fieldslib -package core_extended -package core -package comparelib.syntax -package comparelib -package bin_prot.syntax -package bin_prot -package async_shell -package async_inotify -package async -syntax camlp4o -modules lib/message.mli > lib/message.mli.depends
ocamlfind ocamldep -package threads -package str -package sexplib.syntax -package sexplib -package pcre -package parallel -package ocaml_plugin -package fieldslib.syntax -package fieldslib -package core_extended -package core -package comparelib.syntax -package comparelib -package bin_prot.syntax -package bin_prot -package async_shell -package async_inotify -package async -syntax camlp4o -modules lib/misc.mli > lib/misc.mli.depends
ocamlfind ocamlc -c -g -package threads -package str -package sexplib.syntax -package sexplib -package pcre -package parallel -package ocaml_plugin -package fieldslib.syntax -package fieldslib -package core_extended -package core -package comparelib.syntax -package comparelib -package bin_prot.syntax -package bin_prot -package async_shell -package async_inotify -package async -syntax camlp4o -thread -I lib -o lib/discovered_graph.cmi lib/discovered_graph.mli
ocamlfind ocamlc -c -g -package threads -package str -package sexplib.syntax -package sexplib -package pcre -package parallel -package ocaml_plugin -package fieldslib.syntax -package fieldslib -package core_extended -package core -package comparelib.syntax -package comparelib -package bin_prot.syntax -package bin_prot -package async_shell -package async_inotify -package async -syntax camlp4o -thread -I lib -o lib/load_root.cmi lib/load_root.mli
ocamlfind ocamlc -c -g -package threads -package str -package sexplib.syntax -package sexplib -package pcre -package parallel -package ocaml_plugin -package fieldslib.syntax -package fieldslib -package core_extended -package core -package comparelib.syntax -package comparelib -package bin_prot.syntax -package bin_prot -package async_shell -package async_inotify -package async -syntax camlp4o -thread -I lib -o lib/message.cmi lib/message.mli
ocamlfind ocamlc -c -g -package threads -package str -package sexplib.syntax -package sexplib -package pcre -package parallel -package ocaml_plugin -package fieldslib.syntax -package fieldslib -package core_extended -package core -package comparelib.syntax -package comparelib -package bin_prot.syntax -package bin_prot -package async_shell -package async_inotify -package async -syntax camlp4o -thread -I lib -o lib/misc.cmi lib/misc.mli
ocamlfind ocamldep -package threads -package str -package sexplib.syntax -package sexplib -package pcre -package parallel -package ocaml_plugin -package fieldslib.syntax -package fieldslib -package core_extended -package core -package comparelib.syntax -package comparelib -package bin_prot.syntax -package bin_prot -package async_shell -package async_inotify -package async -syntax camlp4o -modules lib/command_line.mli > lib/command_line.mli.depends
ocamlfind ocamlc -c -g -package threads -package str -package sexplib.syntax -package sexplib -package pcre -package parallel -package ocaml_plugin -package fieldslib.syntax -package fieldslib -package core_extended -package core -package comparelib.syntax -package comparelib -package bin_prot.syntax -package bin_prot -package async_shell -package async_inotify -package async -syntax camlp4o -thread -I lib -o lib/command_line.cmi lib/command_line.mli
ocamlfind ocamldep -package threads -package str -package sexplib.syntax -package sexplib -package pcre -package parallel -package ocaml_plugin -package fieldslib.syntax -package fieldslib -package core_extended -package core -package comparelib.syntax -package comparelib -package bin_prot.syntax -package bin_prot -package async_shell -package async_inotify -package async -syntax camlp4o -modules lib/command_line.ml > lib/command_line.ml.depends
ocamlfind ocamldep -package threads -package str -package sexplib.syntax -package sexplib -package pcre -package parallel -package ocaml_plugin -package fieldslib.syntax -package fieldslib -package core_extended -package core -package comparelib.syntax -package comparelib -package bin_prot.syntax -package bin_prot -package async_shell -package async_inotify -package async -syntax camlp4o -modules lib/run.mli > lib/run.mli.depends
ocamlfind ocamlc -c -g -package threads -package str -package sexplib.syntax -package sexplib -package pcre -package parallel -package ocaml_plugin -package fieldslib.syntax -package fieldslib -package core_extended -package core -package comparelib.syntax -package comparelib -package bin_prot.syntax -package bin_prot -package async_shell -package async_inotify -package async -syntax camlp4o -thread -I lib -o lib/run.cmi lib/run.mli
ocamlfind ocamldep -package threads -package str -package sexplib.syntax -package sexplib -package pcre -package parallel -package ocaml_plugin -package fieldslib.syntax -package fieldslib -package core_extended -package core -package comparelib.syntax -package comparelib -package bin_prot.syntax -package bin_prot -package async_shell -package async_inotify -package async -syntax camlp4o -modules lib/description.ml > lib/description.ml.depends
ocamlfind ocamldep -package threads -package str -package sexplib.syntax -package sexplib -package pcre -package parallel -package ocaml_plugin -package fieldslib.syntax -package fieldslib -package core_extended -package core -package comparelib.syntax -package comparelib -package bin_prot.syntax -package bin_prot -package async_shell -package async_inotify -package async -syntax camlp4o -modules lib/discovered_graph.ml > lib/discovered_graph.ml.depends
ocamlfind ocamldep -package threads -package str -package sexplib.syntax -package sexplib -package pcre -package parallel -package ocaml_plugin -package fieldslib.syntax -package fieldslib -package core_extended -package core -package comparelib.syntax -package comparelib -package bin_prot.syntax -package bin_prot -package async_shell -package async_inotify -package async -syntax camlp4o -modules lib/monomorphic_mutable_graph.mli > lib/monomorphic_mutable_graph.mli.depends
ocamlfind ocamlc -c -g -package threads -package str -package sexplib.syntax -package sexplib -package pcre -package parallel -package ocaml_plugin -package fieldslib.syntax -package fieldslib -package core_extended -package core -package comparelib.syntax -package comparelib -package bin_prot.syntax -package bin_prot -package async_shell -package async_inotify -package async -syntax camlp4o -thread -I lib -o lib/monomorphic_mutable_graph.cmi lib/monomorphic_mutable_graph.mli
ocamlfind ocamldep -package threads -package str -package sexplib.syntax -package sexplib -package pcre -package parallel -package ocaml_plugin -package fieldslib.syntax -package fieldslib -package core_extended -package core -package comparelib.syntax -package comparelib -package bin_prot.syntax -package bin_prot -package async_shell -package async_inotify -package async -syntax camlp4o -modules lib/effort.ml > lib/effort.ml.depends
ocamlfind ocamldep -package threads -package str -package sexplib.syntax -package sexplib -package pcre -package parallel -package ocaml_plugin -package fieldslib.syntax -package fieldslib -package core_extended -package core -package comparelib.syntax -package comparelib -package bin_prot.syntax -package bin_prot -package async_shell -package async_inotify -package async -syntax camlp4o -modules lib/file_access.ml > lib/file_access.ml.depends
ocamlfind ocamldep -package threads -package str -package sexplib.syntax -package sexplib -package pcre -package parallel -package ocaml_plugin -package fieldslib.syntax -package fieldslib -package core_extended -package core -package comparelib.syntax -package comparelib -package bin_prot.syntax -package bin_prot -package async_shell -package async_inotify -package async -syntax camlp4o -modules lib/for_user.ml > lib/for_user.ml.depends
ocamlfind ocamldep -package threads -package str -package sexplib.syntax -package sexplib -package pcre -package parallel -package ocaml_plugin -package fieldslib.syntax -package fieldslib -package core_extended -package core -package comparelib.syntax -package comparelib -package bin_prot.syntax -package bin_prot -package async_shell -package async_inotify -package async -syntax camlp4o -modules lib/forker.ml > lib/forker.ml.depends
ocamlfind ocamldep -package threads -package str -package sexplib.syntax -package sexplib -package pcre -package parallel -package ocaml_plugin -package fieldslib.syntax -package fieldslib -package core_extended -package core -package comparelib.syntax -package comparelib -package bin_prot.syntax -package bin_prot -package async_shell -package async_inotify -package async -syntax camlp4o -modules lib/fs.ml > lib/fs.ml.depends
ocamlfind ocamldep -package threads -package str -package sexplib.syntax -package sexplib -package pcre -package parallel -package ocaml_plugin -package fieldslib.syntax -package fieldslib -package core_extended -package core -package comparelib.syntax -package comparelib -package bin_prot.syntax -package bin_prot -package async_shell -package async_inotify -package async -syntax camlp4o -modules lib/glob_to_re.mli > lib/glob_to_re.mli.depends
ocamlfind ocamlc -c -g -package threads -package str -package sexplib.syntax -package sexplib -package pcre -package parallel -package ocaml_plugin -package fieldslib.syntax -package fieldslib -package core_extended -package core -package comparelib.syntax -package comparelib -package bin_prot.syntax -package bin_prot -package async_shell -package async_inotify -package async -syntax camlp4o -thread -I lib -o lib/glob_to_re.cmi lib/glob_to_re.mli
ocamlfind ocamldep -package threads -package str -package sexplib.syntax -package sexplib -package pcre -package parallel -package ocaml_plugin -package fieldslib.syntax -package fieldslib -package core_extended -package core -package comparelib.syntax -package comparelib -package bin_prot.syntax -package bin_prot -package async_shell -package async_inotify -package async -syntax camlp4o -modules lib/glob_to_re.ml > lib/glob_to_re.ml.depends
ocamlfind ocamldep -package threads -package str -package sexplib.syntax -package sexplib -package pcre -package parallel -package ocaml_plugin -package fieldslib.syntax -package fieldslib -package core_extended -package core -package comparelib.syntax -package comparelib -package bin_prot.syntax -package bin_prot -package async_shell -package async_inotify -package async -syntax camlp4o -modules lib/heart.ml > lib/heart.ml.depends
ocamlfind ocamldep -package threads -package str -package sexplib.syntax -package sexplib -package pcre -package parallel -package ocaml_plugin -package fieldslib.syntax -package fieldslib -package core_extended -package core -package comparelib.syntax -package comparelib -package bin_prot.syntax -package bin_prot -package async_shell -package async_inotify -package async -syntax camlp4o -modules lib/jem.mli > lib/jem.mli.depends
ocamlfind ocamlc -c -g -package threads -package str -package sexplib.syntax -package sexplib -package pcre -package parallel -package ocaml_plugin -package fieldslib.syntax -package fieldslib -package core_extended -package core -package comparelib.syntax -package comparelib -package bin_prot.syntax -package bin_prot -package async_shell -package async_inotify -package async -syntax camlp4o -thread -I lib -o lib/jem.cmi lib/jem.mli
ocamlfind ocamldep -package threads -package str -package sexplib.syntax -package sexplib -package pcre -package parallel -package ocaml_plugin -package fieldslib.syntax -package fieldslib -package core_extended -package core -package comparelib.syntax -package comparelib -package bin_prot.syntax -package bin_prot -package async_shell -package async_inotify -package async -syntax camlp4o -modules lib/jem.ml > lib/jem.ml.depends
ocamlfind ocamldep -package threads -package str -package sexplib.syntax -package sexplib -package pcre -package parallel -package ocaml_plugin -package fieldslib.syntax -package fieldslib -package core_extended -package core -package comparelib.syntax -package comparelib -package bin_prot.syntax -package bin_prot -package async_shell -package async_inotify -package async -syntax camlp4o -modules lib/rpc_intf.mli > lib/rpc_intf.mli.depends
ocamlfind ocamldep -package threads -package str -package sexplib.syntax -package sexplib -package pcre -package parallel -package ocaml_plugin -package fieldslib.syntax -package fieldslib -package core_extended -package core -package comparelib.syntax -package comparelib -package bin_prot.syntax -package bin_prot -package async_shell -package async_inotify -package async -syntax camlp4o -modules lib/server_lock.mli > lib/server_lock.mli.depends
ocamlfind ocamlc -c -g -package threads -package str -package sexplib.syntax -package sexplib -package pcre -package parallel -package ocaml_plugin -package fieldslib.syntax -package fieldslib -package core_extended -package core -package comparelib.syntax -package comparelib -package bin_prot.syntax -package bin_prot -package async_shell -package async_inotify -package async -syntax camlp4o -thread -I lib -o lib/rpc_intf.cmi lib/rpc_intf.mli
ocamlfind ocamlc -c -g -package threads -package str -package sexplib.syntax -package sexplib -package pcre -package parallel -package ocaml_plugin -package fieldslib.syntax -package fieldslib -package core_extended -package core -package comparelib.syntax -package comparelib -package bin_prot.syntax -package bin_prot -package async_shell -package async_inotify -package async -syntax camlp4o -thread -I lib -o lib/server_lock.cmi lib/server_lock.mli
ocamlfind ocamldep -package threads -package str -package sexplib.syntax -package sexplib -package pcre -package parallel -package ocaml_plugin -package fieldslib.syntax -package fieldslib -package core_extended -package core -package comparelib.syntax -package comparelib -package bin_prot.syntax -package bin_prot -package async_shell -package async_inotify -package async -syntax camlp4o -modules lib/jenga_root_interface.ml > lib/jenga_root_interface.ml.depends
ocamlfind ocamldep -package threads -package str -package sexplib.syntax -package sexplib -package pcre -package parallel -package ocaml_plugin -package fieldslib.syntax -package fieldslib -package core_extended -package core -package comparelib.syntax -package comparelib -package bin_prot.syntax -package bin_prot -package async_shell -package async_inotify -package async -syntax camlp4o -modules lib/job.ml > lib/job.ml.depends
ocamlfind ocamldep -package threads -package str -package sexplib.syntax -package sexplib -package pcre -package parallel -package ocaml_plugin -package fieldslib.syntax -package fieldslib -package core_extended -package core -package comparelib.syntax -package comparelib -package bin_prot.syntax -package bin_prot -package async_shell -package async_inotify -package async -syntax camlp4o -modules lib/load_root.ml > lib/load_root.ml.depends
ocamlfind ocamlc -c -g -package threads -package str -package sexplib.syntax -package sexplib -package pcre -package parallel -package ocaml_plugin -package fieldslib.syntax -package fieldslib -package core_extended -package core -package comparelib.syntax -package comparelib -package bin_prot.syntax -package bin_prot -package async_shell -package async_inotify -package async -syntax camlp4o -thread -I lib -o lib/jenga_root_interface.cmo lib/jenga_root_interface.ml
ocamlfind ocamldep -package threads -package str -package sexplib.syntax -package sexplib -package pcre -package parallel -package ocaml_plugin -package fieldslib.syntax -package fieldslib -package core_extended -package core -package comparelib.syntax -package comparelib -package bin_prot.syntax -package bin_prot -package async_shell -package async_inotify -package async -syntax camlp4o -modules lib/message.ml > lib/message.ml.depends
ocamlfind ocamldep -package threads -package str -package sexplib.syntax -package sexplib -package pcre -package parallel -package ocaml_plugin -package fieldslib.syntax -package fieldslib -package core_extended -package core -package comparelib.syntax -package comparelib -package bin_prot.syntax -package bin_prot -package async_shell -package async_inotify -package async -syntax camlp4o -modules lib/misc.ml > lib/misc.ml.depends
ocamlfind ocamldep -package threads -package str -package sexplib.syntax -package sexplib -package pcre -package parallel -package ocaml_plugin -package fieldslib.syntax -package fieldslib -package core_extended -package core -package comparelib.syntax -package comparelib -package bin_prot.syntax -package bin_prot -package async_shell -package async_inotify -package async -syntax camlp4o -modules lib/mon.ml > lib/mon.ml.depends
ocamlfind ocamldep -package threads -package str -package sexplib.syntax -package sexplib -package pcre -package parallel -package ocaml_plugin -package fieldslib.syntax -package fieldslib -package core_extended -package core -package comparelib.syntax -package comparelib -package bin_prot.syntax -package bin_prot -package async_shell -package async_inotify -package async -syntax camlp4o -modules lib/monomorphic_mutable_graph.ml > lib/monomorphic_mutable_graph.ml.depends
ocamlfind ocamldep -package threads -package str -package sexplib.syntax -package sexplib -package pcre -package parallel -package ocaml_plugin -package fieldslib.syntax -package fieldslib -package core_extended -package core -package comparelib.syntax -package comparelib -package bin_prot.syntax -package bin_prot -package async_shell -package async_inotify -package async -syntax camlp4o -modules lib/offline.ml > lib/offline.ml.depends
ocamlfind ocamldep -package threads -package str -package sexplib.syntax -package sexplib -package pcre -package parallel -package ocaml_plugin -package fieldslib.syntax -package fieldslib -package core_extended -package core -package comparelib.syntax -package comparelib -package bin_prot.syntax -package bin_prot -package async_shell -package async_inotify -package async -syntax camlp4o -modules lib/persist.mli > lib/persist.mli.depends
ocamlfind ocamlc -c -g -package threads -package str -package sexplib.syntax -package sexplib -package pcre -package parallel -package ocaml_plugin -package fieldslib.syntax -package fieldslib -package core_extended -package core -package comparelib.syntax -package comparelib -package bin_prot.syntax -package bin_prot -package async_shell -package async_inotify -package async -syntax camlp4o -thread -I lib -o lib/persist.cmi lib/persist.mli
ocamlfind ocamldep -package threads -package str -package sexplib.syntax -package sexplib -package pcre -package parallel -package ocaml_plugin -package fieldslib.syntax -package fieldslib -package core_extended -package core -package comparelib.syntax -package comparelib -package bin_prot.syntax -package bin_prot -package async_shell -package async_inotify -package async -syntax camlp4o -modules lib/path.ml > lib/path.ml.depends
ocamlfind ocamldep -package threads -package str -package sexplib.syntax -package sexplib -package pcre -package parallel -package ocaml_plugin -package fieldslib.syntax -package fieldslib -package core_extended -package core -package comparelib.syntax -package comparelib -package bin_prot.syntax -package bin_prot -package async_shell -package async_inotify -package async -syntax camlp4o -modules lib/pattern.ml > lib/pattern.ml.depends
ocamlfind ocamldep -package threads -package str -package sexplib.syntax -package sexplib -package pcre -package parallel -package ocaml_plugin -package fieldslib.syntax -package fieldslib -package core_extended -package core -package comparelib.syntax -package comparelib -package bin_prot.syntax -package bin_prot -package async_shell -package async_inotify -package async -syntax camlp4o -modules lib/persist.ml > lib/persist.ml.depends
ocamlfind ocamldep -package threads -package str -package sexplib.syntax -package sexplib -package pcre -package parallel -package ocaml_plugin -package fieldslib.syntax -package fieldslib -package core_extended -package core -package comparelib.syntax -package comparelib -package bin_prot.syntax -package bin_prot -package async_shell -package async_inotify -package async -syntax camlp4o -modules lib/rpc_intf.ml > lib/rpc_intf.ml.depends
ocamlfind ocamldep -package threads -package str -package sexplib.syntax -package sexplib -package pcre -package parallel -package ocaml_plugin -package fieldslib.syntax -package fieldslib -package core_extended -package core -package comparelib.syntax -package comparelib -package bin_prot.syntax -package bin_prot -package async_shell -package async_inotify -package async -syntax camlp4o -modules lib/rpc_server.mli > lib/rpc_server.mli.depends
ocamlfind ocamlc -c -g -package threads -package str -package sexplib.syntax -package sexplib -package pcre -package parallel -package ocaml_plugin -package fieldslib.syntax -package fieldslib -package core_extended -package core -package comparelib.syntax -package comparelib -package bin_prot.syntax -package bin_prot -package async_shell -package async_inotify -package async -syntax camlp4o -thread -I lib -o lib/rpc_server.cmi lib/rpc_server.mli
ocamlfind ocamldep -package threads -package str -package sexplib.syntax -package sexplib -package pcre -package parallel -package ocaml_plugin -package fieldslib.syntax -package fieldslib -package core_extended -package core -package comparelib.syntax -package comparelib -package bin_prot.syntax -package bin_prot -package async_shell -package async_inotify -package async -syntax camlp4o -modules lib/rpc_server.ml > lib/rpc_server.ml.depends
ocamlfind ocamldep -package threads -package str -package sexplib.syntax -package sexplib -package pcre -package parallel -package ocaml_plugin -package fieldslib.syntax -package fieldslib -package core_extended -package core -package comparelib.syntax -package comparelib -package bin_prot.syntax -package bin_prot -package async_shell -package async_inotify -package async -syntax camlp4o -modules lib/run.ml > lib/run.ml.depends
ocamlfind ocamldep -package threads -package str -package sexplib.syntax -package sexplib -package pcre -package parallel -package ocaml_plugin -package fieldslib.syntax -package fieldslib -package core_extended -package core -package comparelib.syntax -package comparelib -package bin_prot.syntax -package bin_prot -package async_shell -package async_inotify -package async -syntax camlp4o -modules lib/server_lock.ml > lib/server_lock.ml.depends
ocamlfind ocamldep -package threads -package str -package sexplib.syntax -package sexplib -package pcre -package parallel -package ocaml_plugin -package fieldslib.syntax -package fieldslib -package core_extended -package core -package comparelib.syntax -package comparelib -package bin_prot.syntax -package bin_prot -package async_shell -package async_inotify -package async -syntax camlp4o -modules lib/tenacious.ml > lib/tenacious.ml.depends
ocamlfind ocamlc -c -g -package threads -package str -package sexplib.syntax -package sexplib -package pcre -package parallel -package ocaml_plugin -package fieldslib.syntax -package fieldslib -package core_extended -package core -package comparelib.syntax -package comparelib -package bin_prot.syntax -package bin_prot -package async_shell -package async_inotify -package async -syntax camlp4o -thread -I lib -o lib/api.cmo lib/api.ml
ocamlfind ocamlc -c -g -package threads -package str -package sexplib.syntax -package sexplib -package pcre -package parallel -package ocaml_plugin -package fieldslib.syntax -package fieldslib -package core_extended -package core -package comparelib.syntax -package comparelib -package bin_prot.syntax -package bin_prot -package async_shell -package async_inotify -package async -syntax camlp4o -thread -I lib -o lib/build.cmo lib/build.ml
ocamlfind ocamlc -c -g -package threads -package str -package sexplib.syntax -package sexplib -package pcre -package parallel -package ocaml_plugin -package fieldslib.syntax -package fieldslib -package core_extended -package core -package comparelib.syntax -package comparelib -package bin_prot.syntax -package bin_prot -package async_shell -package async_inotify -package async -syntax camlp4o -thread -I lib -o lib/command_line.cmo lib/command_line.ml
ocamlfind ocamlc -c -g -package threads -package str -package sexplib.syntax -package sexplib -package pcre -package parallel -package ocaml_plugin -package fieldslib.syntax -package fieldslib -package core_extended -package core -package comparelib.syntax -package comparelib -package bin_prot.syntax -package bin_prot -package async_shell -package async_inotify -package async -syntax camlp4o -thread -I lib -o lib/description.cmo lib/description.ml
ocamlfind ocamlc -c -g -package threads -package str -package sexplib.syntax -package sexplib -package pcre -package parallel -package ocaml_plugin -package fieldslib.syntax -package fieldslib -package core_extended -package core -package comparelib.syntax -package comparelib -package bin_prot.syntax -package bin_prot -package async_shell -package async_inotify -package async -syntax camlp4o -thread -I lib -o lib/discovered_graph.cmo lib/discovered_graph.ml
ocamlfind ocamlc -c -g -package threads -package str -package sexplib.syntax -package sexplib -package pcre -package parallel -package ocaml_plugin -package fieldslib.syntax -package fieldslib -package core_extended -package core -package comparelib.syntax -package comparelib -package bin_prot.syntax -package bin_prot -package async_shell -package async_inotify -package async -syntax camlp4o -thread -I lib -o lib/effort.cmo lib/effort.ml
ocamlfind ocamlc -c -g -package threads -package str -package sexplib.syntax -package sexplib -package pcre -package parallel -package ocaml_plugin -package fieldslib.syntax -package fieldslib -package core_extended -package core -package comparelib.syntax -package comparelib -package bin_prot.syntax -package bin_prot -package async_shell -package async_inotify -package async -syntax camlp4o -thread -I lib -o lib/file_access.cmo lib/file_access.ml
ocamlfind ocamlc -c -g -package threads -package str -package sexplib.syntax -package sexplib -package pcre -package parallel -package ocaml_plugin -package fieldslib.syntax -package fieldslib -package core_extended -package core -package comparelib.syntax -package comparelib -package bin_prot.syntax -package bin_prot -package async_shell -package async_inotify -package async -syntax camlp4o -thread -I lib -o lib/for_user.cmo lib/for_user.ml
ocamlfind ocamlc -c -g -package threads -package str -package sexplib.syntax -package sexplib -package pcre -package parallel -package ocaml_plugin -package fieldslib.syntax -package fieldslib -package core_extended -package core -package comparelib.syntax -package comparelib -package bin_prot.syntax -package bin_prot -package async_shell -package async_inotify -package async -syntax camlp4o -thread -I lib -o lib/forker.cmo lib/forker.ml
ocamlfind ocamlc -c -g -package threads -package str -package sexplib.syntax -package sexplib -package pcre -package parallel -package ocaml_plugin -package fieldslib.syntax -package fieldslib -package core_extended -package core -package comparelib.syntax -package comparelib -package bin_prot.syntax -package bin_prot -package async_shell -package async_inotify -package async -syntax camlp4o -thread -I lib -o lib/fs.cmo lib/fs.ml
ocamlfind ocamlc -c -g -package threads -package str -package sexplib.syntax -package sexplib -package pcre -package parallel -package ocaml_plugin -package fieldslib.syntax -package fieldslib -package core_extended -package core -package comparelib.syntax -package comparelib -package bin_prot.syntax -package bin_prot -package async_shell -package async_inotify -package async -syntax camlp4o -thread -I lib -o lib/glob_to_re.cmo lib/glob_to_re.ml
ocamlfind ocamlc -c -g -package threads -package str -package sexplib.syntax -package sexplib -package pcre -package parallel -package ocaml_plugin -package fieldslib.syntax -package fieldslib -package core_extended -package core -package comparelib.syntax -package comparelib -package bin_prot.syntax -package bin_prot -package async_shell -package async_inotify -package async -syntax camlp4o -thread -I lib -o lib/heart.cmo lib/heart.ml
ocamlfind ocamlc -c -g -package threads -package str -package sexplib.syntax -package sexplib -package pcre -package parallel -package ocaml_plugin -package fieldslib.syntax -package fieldslib -package core_extended -package core -package comparelib.syntax -package comparelib -package bin_prot.syntax -package bin_prot -package async_shell -package async_inotify -package async -syntax camlp4o -thread -I lib -o lib/jem.cmo lib/jem.ml
ocamlfind ocamlc -c -g -package threads -package str -package sexplib.syntax -package sexplib -package pcre -package parallel -package ocaml_plugin -package fieldslib.syntax -package fieldslib -package core_extended -package core -package comparelib.syntax -package comparelib -package bin_prot.syntax -package bin_prot -package async_shell -package async_inotify -package async -syntax camlp4o -thread -I lib -o lib/job.cmo lib/job.ml
ocamlfind ocamlc -c -g -package threads -package str -package sexplib.syntax -package sexplib -package pcre -package parallel -package ocaml_plugin -package fieldslib.syntax -package fieldslib -package core_extended -package core -package comparelib.syntax -package comparelib -package bin_prot.syntax -package bin_prot -package async_shell -package async_inotify -package async -syntax camlp4o -thread -I lib -o lib/load_root.cmo lib/load_root.ml
ocamlfind ocamlc -c -g -package threads -package str -package sexplib.syntax -package sexplib -package pcre -package parallel -package ocaml_plugin -package fieldslib.syntax -package fieldslib -package core_extended -package core -package comparelib.syntax -package comparelib -package bin_prot.syntax -package bin_prot -package async_shell -package async_inotify -package async -syntax camlp4o -thread -I lib -o lib/message.cmo lib/message.ml
ocamlfind ocamlc -c -g -package threads -package str -package sexplib.syntax -package sexplib -package pcre -package parallel -package ocaml_plugin -package fieldslib.syntax -package fieldslib -package core_extended -package core -package comparelib.syntax -package comparelib -package bin_prot.syntax -package bin_prot -package async_shell -package async_inotify -package async -syntax camlp4o -thread -I lib -o lib/misc.cmo lib/misc.ml
ocamlfind ocamlc -c -g -package threads -package str -package sexplib.syntax -package sexplib -package pcre -package parallel -package ocaml_plugin -package fieldslib.syntax -package fieldslib -package core_extended -package core -package comparelib.syntax -package comparelib -package bin_prot.syntax -package bin_prot -package async_shell -package async_inotify -package async -syntax camlp4o -thread -I lib -o lib/mon.cmo lib/mon.ml
ocamlfind ocamlc -c -g -package threads -package str -package sexplib.syntax -package sexplib -package pcre -package parallel -package ocaml_plugin -package fieldslib.syntax -package fieldslib -package core_extended -package core -package comparelib.syntax -package comparelib -package bin_prot.syntax -package bin_prot -package async_shell -package async_inotify -package async -syntax camlp4o -thread -I lib -o lib/monomorphic_mutable_graph.cmo lib/monomorphic_mutable_graph.ml
ocamlfind ocamlc -c -g -package threads -package str -package sexplib.syntax -package sexplib -package pcre -package parallel -package ocaml_plugin -package fieldslib.syntax -package fieldslib -package core_extended -package core -package comparelib.syntax -package comparelib -package bin_prot.syntax -package bin_prot -package async_shell -package async_inotify -package async -syntax camlp4o -thread -I lib -o lib/offline.cmo lib/offline.ml
ocamlfind ocamlc -c -g -package threads -package str -package sexplib.syntax -package sexplib -package pcre -package parallel -package ocaml_plugin -package fieldslib.syntax -package fieldslib -package core_extended -package core -package comparelib.syntax -package comparelib -package bin_prot.syntax -package bin_prot -package async_shell -package async_inotify -package async -syntax camlp4o -thread -I lib -o lib/path.cmo lib/path.ml
ocamlfind ocamlc -c -g -package threads -package str -package sexplib.syntax -package sexplib -package pcre -package parallel -package ocaml_plugin -package fieldslib.syntax -package fieldslib -package core_extended -package core -package comparelib.syntax -package comparelib -package bin_prot.syntax -package bin_prot -package async_shell -package async_inotify -package async -syntax camlp4o -thread -I lib -o lib/pattern.cmo lib/pattern.ml
ocamlfind ocamlc -c -g -package threads -package str -package sexplib.syntax -package sexplib -package pcre -package parallel -package ocaml_plugin -package fieldslib.syntax -package fieldslib -package core_extended -package core -package comparelib.syntax -package comparelib -package bin_prot.syntax -package bin_prot -package async_shell -package async_inotify -package async -syntax camlp4o -thread -I lib -o lib/persist.cmo lib/persist.ml
ocamlfind ocamlc -c -g -package threads -package str -package sexplib.syntax -package sexplib -package pcre -package parallel -package ocaml_plugin -package fieldslib.syntax -package fieldslib -package core_extended -package core -package comparelib.syntax -package comparelib -package bin_prot.syntax -package bin_prot -package async_shell -package async_inotify -package async -syntax camlp4o -thread -I lib -o lib/rpc_intf.cmo lib/rpc_intf.ml
ocamlfind ocamlc -c -g -package threads -package str -package sexplib.syntax -package sexplib -package pcre -package parallel -package ocaml_plugin -package fieldslib.syntax -package fieldslib -package core_extended -package core -package comparelib.syntax -package comparelib -package bin_prot.syntax -package bin_prot -package async_shell -package async_inotify -package async -syntax camlp4o -thread -I lib -o lib/rpc_server.cmo lib/rpc_server.ml
ocamlfind ocamlc -c -g -package threads -package str -package sexplib.syntax -package sexplib -package pcre -package parallel -package ocaml_plugin -package fieldslib.syntax -package fieldslib -package core_extended -package core -package comparelib.syntax -package comparelib -package bin_prot.syntax -package bin_prot -package async_shell -package async_inotify -package async -syntax camlp4o -thread -I lib -o lib/run.cmo lib/run.ml
ocamlfind ocamlc -c -g -package threads -package str -package sexplib.syntax -package sexplib -package pcre -package parallel -package ocaml_plugin -package fieldslib.syntax -package fieldslib -package core_extended -package core -package comparelib.syntax -package comparelib -package bin_prot.syntax -package bin_prot -package async_shell -package async_inotify -package async -syntax camlp4o -thread -I lib -o lib/server_lock.cmo lib/server_lock.ml
ocamlfind ocamlc -c -g -package threads -package str -package sexplib.syntax -package sexplib -package pcre -package parallel -package ocaml_plugin -package fieldslib.syntax -package fieldslib -package core_extended -package core -package comparelib.syntax -package comparelib -package bin_prot.syntax -package bin_prot -package async_shell -package async_inotify -package async -syntax camlp4o -thread -I lib -o lib/tenacious.cmo lib/tenacious.ml
ocamlfind ocamlc -pack -g lib/config.cmo lib/effort.cmo lib/file_access.cmo lib/misc.cmo lib/path.cmo lib/message.cmo lib/forker.cmo lib/heart.cmo lib/glob_to_re.cmo lib/pattern.cmo lib/tenacious.cmo lib/fs.cmo lib/version.cmo lib/description.cmo lib/for_user.cmo lib/job.cmo lib/api.cmo lib/monomorphic_mutable_graph.cmo lib/discovered_graph.cmo lib/jenga_root_interface.cmo lib/load_root.cmo lib/mon.cmo lib/build.cmo lib/persist.cmo lib/rpc_intf.cmo lib/server_lock.cmo lib/rpc_server.cmo lib/run.cmo lib/command_line.cmo lib/jem.cmo lib/offline.cmo -o lib/jenga_lib.cmo
ocamlfind ocamlc -a lib/jenga_lib.cmo -o lib/jenga_lib.cma
ocamlfind ocamlopt -c -g -package threads -package str -package sexplib.syntax -package sexplib -package pcre -package parallel -package ocaml_plugin -package fieldslib.syntax -package fieldslib -package core_extended -package core -package comparelib.syntax -package comparelib -package bin_prot.syntax -package bin_prot -package async_shell -package async_inotify -package async -syntax camlp4o -thread -for-pack Jenga_lib -I lib -o lib/config.cmx lib/config.ml
ocamlfind ocamlopt -c -g -package threads -package str -package sexplib.syntax -package sexplib -package pcre -package parallel -package ocaml_plugin -package fieldslib.syntax -package fieldslib -package core_extended -package core -package comparelib.syntax -package comparelib -package bin_prot.syntax -package bin_prot -package async_shell -package async_inotify -package async -syntax camlp4o -thread -for-pack Jenga_lib -I lib -o lib/misc.cmx lib/misc.ml
ocamlfind ocamlopt -c -g -package threads -package str -package sexplib.syntax -package sexplib -package pcre -package parallel -package ocaml_plugin -package fieldslib.syntax -package fieldslib -package core_extended -package core -package comparelib.syntax -package comparelib -package bin_prot.syntax -package bin_prot -package async_shell -package async_inotify -package async -syntax camlp4o -thread -for-pack Jenga_lib -I lib -o lib/path.cmx lib/path.ml
ocamlfind ocamlopt -c -g -package threads -package str -package sexplib.syntax -package sexplib -package pcre -package parallel -package ocaml_plugin -package fieldslib.syntax -package fieldslib -package core_extended -package core -package comparelib.syntax -package comparelib -package bin_prot.syntax -package bin_prot -package async_shell -package async_inotify -package async -syntax camlp4o -thread -for-pack Jenga_lib -I lib -o lib/message.cmx lib/message.ml
ocamlfind ocamlopt -c -g -package threads -package str -package sexplib.syntax -package sexplib -package pcre -package parallel -package ocaml_plugin -package fieldslib.syntax -package fieldslib -package core_extended -package core -package comparelib.syntax -package comparelib -package bin_prot.syntax -package bin_prot -package async_shell -package async_inotify -package async -syntax camlp4o -thread -for-pack Jenga_lib -I lib -o lib/glob_to_re.cmx lib/glob_to_re.ml
ocamlfind ocamlopt -c -g -package threads -package str -package sexplib.syntax -package sexplib -package pcre -package parallel -package ocaml_plugin -package fieldslib.syntax -package fieldslib -package core_extended -package core -package comparelib.syntax -package comparelib -package bin_prot.syntax -package bin_prot -package async_shell -package async_inotify -package async -syntax camlp4o -thread -for-pack Jenga_lib -I lib -o lib/heart.cmx lib/heart.ml
ocamlfind ocamlopt -c -g -package threads -package str -package sexplib.syntax -package sexplib -package pcre -package parallel -package ocaml_plugin -package fieldslib.syntax -package fieldslib -package core_extended -package core -package comparelib.syntax -package comparelib -package bin_prot.syntax -package bin_prot -package async_shell -package async_inotify -package async -syntax camlp4o -thread -for-pack Jenga_lib -I lib -o lib/effort.cmx lib/effort.ml
ocamlfind ocamlopt -c -g -package threads -package str -package sexplib.syntax -package sexplib -package pcre -package parallel -package ocaml_plugin -package fieldslib.syntax -package fieldslib -package core_extended -package core -package comparelib.syntax -package comparelib -package bin_prot.syntax -package bin_prot -package async_shell -package async_inotify -package async -syntax camlp4o -thread -for-pack Jenga_lib -I lib -o lib/file_access.cmx lib/file_access.ml
ocamlfind ocamlopt -c -g -package threads -package str -package sexplib.syntax -package sexplib -package pcre -package parallel -package ocaml_plugin -package fieldslib.syntax -package fieldslib -package core_extended -package core -package comparelib.syntax -package comparelib -package bin_prot.syntax -package bin_prot -package async_shell -package async_inotify -package async -syntax camlp4o -thread -for-pack Jenga_lib -I lib -o lib/forker.cmx lib/forker.ml
ocamlfind ocamlopt -c -g -package threads -package str -package sexplib.syntax -package sexplib -package pcre -package parallel -package ocaml_plugin -package fieldslib.syntax -package fieldslib -package core_extended -package core -package comparelib.syntax -package comparelib -package bin_prot.syntax -package bin_prot -package async_shell -package async_inotify -package async -syntax camlp4o -thread -for-pack Jenga_lib -I lib -o lib/pattern.cmx lib/pattern.ml
ocamlfind ocamlopt -c -g -package threads -package str -package sexplib.syntax -package sexplib -package pcre -package parallel -package ocaml_plugin -package fieldslib.syntax -package fieldslib -package core_extended -package core -package comparelib.syntax -package comparelib -package bin_prot.syntax -package bin_prot -package async_shell -package async_inotify -package async -syntax camlp4o -thread -for-pack Jenga_lib -I lib -o lib/tenacious.cmx lib/tenacious.ml
ocamlfind ocamlopt -c -g -package threads -package str -package sexplib.syntax -package sexplib -package pcre -package parallel -package ocaml_plugin -package fieldslib.syntax -package fieldslib -package core_extended -package core -package comparelib.syntax -package comparelib -package bin_prot.syntax -package bin_prot -package async_shell -package async_inotify -package async -syntax camlp4o -thread -for-pack Jenga_lib -I lib -o lib/fs.cmx lib/fs.ml
ocamlfind ocamlopt -c -g -package threads -package str -package sexplib.syntax -package sexplib -package pcre -package parallel -package ocaml_plugin -package fieldslib.syntax -package fieldslib -package core_extended -package core -package comparelib.syntax -package comparelib -package bin_prot.syntax -package bin_prot -package async_shell -package async_inotify -package async -syntax camlp4o -thread -for-pack Jenga_lib -I lib -o lib/version.cmx lib/version.ml
ocamlfind ocamlopt -c -g -package threads -package str -package sexplib.syntax -package sexplib -package pcre -package parallel -package ocaml_plugin -package fieldslib.syntax -package fieldslib -package core_extended -package core -package comparelib.syntax -package comparelib -package bin_prot.syntax -package bin_prot -package async_shell -package async_inotify -package async -syntax camlp4o -thread -for-pack Jenga_lib -I lib -o lib/description.cmx lib/description.ml
ocamlfind ocamlopt -c -g -package threads -package str -package sexplib.syntax -package sexplib -package pcre -package parallel -package ocaml_plugin -package fieldslib.syntax -package fieldslib -package core_extended -package core -package comparelib.syntax -package comparelib -package bin_prot.syntax -package bin_prot -package async_shell -package async_inotify -package async -syntax camlp4o -thread -for-pack Jenga_lib -I lib -o lib/for_user.cmx lib/for_user.ml
ocamlfind ocamlopt -c -g -package threads -package str -package sexplib.syntax -package sexplib -package pcre -package parallel -package ocaml_plugin -package fieldslib.syntax -package fieldslib -package core_extended -package core -package comparelib.syntax -package comparelib -package bin_prot.syntax -package bin_prot -package async_shell -package async_inotify -package async -syntax camlp4o -thread -for-pack Jenga_lib -I lib -o lib/job.cmx lib/job.ml
ocamlfind ocamlopt -c -g -package threads -package str -package sexplib.syntax -package sexplib -package pcre -package parallel -package ocaml_plugin -package fieldslib.syntax -package fieldslib -package core_extended -package core -package comparelib.syntax -package comparelib -package bin_prot.syntax -package bin_prot -package async_shell -package async_inotify -package async -syntax camlp4o -thread -for-pack Jenga_lib -I lib -o lib/monomorphic_mutable_graph.cmx lib/monomorphic_mutable_graph.ml
ocamlfind ocamlopt -c -g -package threads -package str -package sexplib.syntax -package sexplib -package pcre -package parallel -package ocaml_plugin -package fieldslib.syntax -package fieldslib -package core_extended -package core -package comparelib.syntax -package comparelib -package bin_prot.syntax -package bin_prot -package async_shell -package async_inotify -package async -syntax camlp4o -thread -for-pack Jenga_lib -I lib -o lib/jenga_root_interface.cmx lib/jenga_root_interface.ml
ocamlfind ocamlopt -c -g -package threads -package str -package sexplib.syntax -package sexplib -package pcre -package parallel -package ocaml_plugin -package fieldslib.syntax -package fieldslib -package core_extended -package core -package comparelib.syntax -package comparelib -package bin_prot.syntax -package bin_prot -package async_shell -package async_inotify -package async -syntax camlp4o -thread -for-pack Jenga_lib -I lib -o lib/discovered_graph.cmx lib/discovered_graph.ml
ocamlfind ocamlopt -c -g -package threads -package str -package sexplib.syntax -package sexplib -package pcre -package parallel -package ocaml_plugin -package fieldslib.syntax -package fieldslib -package core_extended -package core -package comparelib.syntax -package comparelib -package bin_prot.syntax -package bin_prot -package async_shell -package async_inotify -package async -syntax camlp4o -thread -for-pack Jenga_lib -I lib -o lib/load_root.cmx lib/load_root.ml
ocamlfind ocamlopt -c -g -package threads -package str -package sexplib.syntax -package sexplib -package pcre -package parallel -package ocaml_plugin -package fieldslib.syntax -package fieldslib -package core_extended -package core -package comparelib.syntax -package comparelib -package bin_prot.syntax -package bin_prot -package async_shell -package async_inotify -package async -syntax camlp4o -thread -for-pack Jenga_lib -I lib -o lib/mon.cmx lib/mon.ml
ocamlfind ocamlopt -c -g -package threads -package str -package sexplib.syntax -package sexplib -package pcre -package parallel -package ocaml_plugin -package fieldslib.syntax -package fieldslib -package core_extended -package core -package comparelib.syntax -package comparelib -package bin_prot.syntax -package bin_prot -package async_shell -package async_inotify -package async -syntax camlp4o -thread -for-pack Jenga_lib -I lib -o lib/build.cmx lib/build.ml
ocamlfind ocamlopt -c -g -package threads -package str -package sexplib.syntax -package sexplib -package pcre -package parallel -package ocaml_plugin -package fieldslib.syntax -package fieldslib -package core_extended -package core -package comparelib.syntax -package comparelib -package bin_prot.syntax -package bin_prot -package async_shell -package async_inotify -package async -syntax camlp4o -thread -for-pack Jenga_lib -I lib -o lib/rpc_intf.cmx lib/rpc_intf.ml
ocamlfind ocamlopt -c -g -package threads -package str -package sexplib.syntax -package sexplib -package pcre -package parallel -package ocaml_plugin -package fieldslib.syntax -package fieldslib -package core_extended -package core -package comparelib.syntax -package comparelib -package bin_prot.syntax -package bin_prot -package async_shell -package async_inotify -package async -syntax camlp4o -thread -for-pack Jenga_lib -I lib -o lib/server_lock.cmx lib/server_lock.ml
ocamlfind ocamlopt -c -g -package threads -package str -package sexplib.syntax -package sexplib -package pcre -package parallel -package ocaml_plugin -package fieldslib.syntax -package fieldslib -package core_extended -package core -package comparelib.syntax -package comparelib -package bin_prot.syntax -package bin_prot -package async_shell -package async_inotify -package async -syntax camlp4o -thread -for-pack Jenga_lib -I lib -o lib/persist.cmx lib/persist.ml
ocamlfind ocamlopt -c -g -package threads -package str -package sexplib.syntax -package sexplib -package pcre -package parallel -package ocaml_plugin -package fieldslib.syntax -package fieldslib -package core_extended -package core -package comparelib.syntax -package comparelib -package bin_prot.syntax -package bin_prot -package async_shell -package async_inotify -package async -syntax camlp4o -thread -for-pack Jenga_lib -I lib -o lib/rpc_server.cmx lib/rpc_server.ml
ocamlfind ocamlopt -c -g -package threads -package str -package sexplib.syntax -package sexplib -package pcre -package parallel -package ocaml_plugin -package fieldslib.syntax -package fieldslib -package core_extended -package core -package comparelib.syntax -package comparelib -package bin_prot.syntax -package bin_prot -package async_shell -package async_inotify -package async -syntax camlp4o -thread -for-pack Jenga_lib -I lib -o lib/run.cmx lib/run.ml
ocamlfind ocamlopt -c -g -package threads -package str -package sexplib.syntax -package sexplib -package pcre -package parallel -package ocaml_plugin -package fieldslib.syntax -package fieldslib -package core_extended -package core -package comparelib.syntax -package comparelib -package bin_prot.syntax -package bin_prot -package async_shell -package async_inotify -package async -syntax camlp4o -thread -for-pack Jenga_lib -I lib -o lib/api.cmx lib/api.ml
ocamlfind ocamlopt -c -g -package threads -package str -package sexplib.syntax -package sexplib -package pcre -package parallel -package ocaml_plugin -package fieldslib.syntax -package fieldslib -package core_extended -package core -package comparelib.syntax -package comparelib -package bin_prot.syntax -package bin_prot -package async_shell -package async_inotify -package async -syntax camlp4o -thread -for-pack Jenga_lib -I lib -o lib/command_line.cmx lib/command_line.ml
ocamlfind ocamlopt -c -g -package threads -package str -package sexplib.syntax -package sexplib -package pcre -package parallel -package ocaml_plugin -package fieldslib.syntax -package fieldslib -package core_extended -package core -package comparelib.syntax -package comparelib -package bin_prot.syntax -package bin_prot -package async_shell -package async_inotify -package async -syntax camlp4o -thread -for-pack Jenga_lib -I lib -o lib/jem.cmx lib/jem.ml
ocamlfind ocamlopt -c -g -package threads -package str -package sexplib.syntax -package sexplib -package pcre -package parallel -package ocaml_plugin -package fieldslib.syntax -package fieldslib -package core_extended -package core -package comparelib.syntax -package comparelib -package bin_prot.syntax -package bin_prot -package async_shell -package async_inotify -package async -syntax camlp4o -thread -for-pack Jenga_lib -I lib -o lib/offline.cmx lib/offline.ml
touch lib/jenga_lib.mli  ; if  ocamlfind ocamlopt -pack -g -I lib lib/config.cmx lib/effort.cmx lib/file_access.cmx lib/misc.cmx lib/path.cmx lib/message.cmx lib/forker.cmx lib/glob_to_re.cmx lib/heart.cmx lib/pattern.cmx lib/tenacious.cmx lib/fs.cmx lib/version.cmx lib/description.cmx lib/for_user.cmx lib/job.cmx lib/api.cmx lib/monomorphic_mutable_graph.cmx lib/discovered_graph.cmx lib/jenga_root_interface.cmx lib/load_root.cmx lib/mon.cmx lib/build.cmx lib/persist.cmx lib/rpc_intf.cmx lib/server_lock.cmx lib/rpc_server.cmx lib/run.cmx lib/command_line.cmx lib/jem.cmx lib/offline.cmx -o lib/jenga_lib.cmx  ; then  rm -f lib/jenga_lib.mli  ; else  rm -f lib/jenga_lib.mli  ; exit 1; fi
ocamlfind ocamlopt -a lib/jenga_lib.cmx -o lib/jenga_lib.cmxa
ocamlfind ocamlopt -shared lib/jenga_lib.cmx -o lib/jenga_lib.cmxs
/mnt/ramdisk/opam-report/.opam/system/lib/type_conv/pa_type_conv.cmxs
/mnt/ramdisk/opam-report/.opam/system/lib/sexplib/pa_sexp_conv.cmxs
/mnt/ramdisk/opam-report/.opam/system/lib/pa_ounit/pa_ounit_lib.cmxs
/mnt/ramdisk/opam-report/.opam/system/lib/pa_ounit/pa_ounit_syntax.cmxs
/mnt/ramdisk/opam-report/.opam/system/lib/fieldslib/pa_fields_conv.cmxs
/mnt/ramdisk/opam-report/.opam/system/lib/bin_prot/pa_bin_prot.cmxs
/mnt/ramdisk/opam-report/.opam/system/lib/variantslib/pa_variants_conv.cmxs
/mnt/ramdisk/opam-report/.opam/system/lib/herelib/pa_herelib.cmxs
/mnt/ramdisk/opam-report/.opam/system/lib/comparelib/pa_compare.cmxs
/mnt/ramdisk/opam-report/.opam/system/lib/custom_printf/pa_custom_printf.cmxs
/mnt/ramdisk/opam-report/.opam/system/bin/ocaml-embed-compiler -pp /usr/bin/camlp4o.opt -pa-cmxs /mnt/ramdisk/opam-report/.opam/system/lib/type_conv/pa_type_conv.cmxs -pa-cmxs /mnt/ramdisk/opam-report/.opam/system/lib/sexplib/pa_sexp_conv.cmxs -pa-cmxs /mnt/ramdisk/opam-report/.opam/system/lib/pa_ounit/pa_ounit_lib.cmxs -pa-cmxs /mnt/ramdisk/opam-report/.opam/system/lib/pa_ounit/pa_ounit_syntax.cmxs -pa-cmxs /mnt/ramdisk/opam-report/.opam/system/lib/fieldslib/pa_fields_conv.cmxs -pa-cmxs /mnt/ramdisk/opam-report/.opam/system/lib/bin_prot/pa_bin_prot.cmxs -pa-cmxs /mnt/ramdisk/opam-report/.opam/system/lib/variantslib/pa_variants_conv.cmxs -pa-cmxs /mnt/ramdisk/opam-report/.opam/system/lib/herelib/pa_herelib.cmxs -pa-cmxs /mnt/ramdisk/opam-report/.opam/system/lib/comparelib/pa_compare.cmxs -pa-cmxs /mnt/ramdisk/opam-report/.opam/system/lib/custom_printf/pa_custom_printf.cmxs -cc /usr/bin/ocamlopt.opt lib/jenga_lib.cmi /usr/lib/ocaml/stringLabels.cmi /usr/lib/ocaml/bigarray.cmi /usr/lib/ocaml/com.cmi /usr/lib/ocaml/obj.cmi /usr/lib/ocaml/queue.cmi /usr/lib/ocaml/int64.cmi /usr/lib/ocaml/lazy.cmi /usr/lib/ocaml/profiling.cmi /usr/lib/ocaml/stdLabels.cmi /usr/lib/ocaml/camlinternalMod.cmi /usr/lib/ocaml/dynlink.cmi /usr/lib/ocaml/weak.cmi /usr/lib/ocaml/filename.cmi /usr/lib/ocaml/buffer.cmi /usr/lib/ocaml/hashtbl.cmi /usr/lib/ocaml/sort.cmi /usr/lib/ocaml/digest.cmi /usr/lib/ocaml/array.cmi /usr/lib/ocaml/lexing.cmi /usr/lib/ocaml/nat.cmi /usr/lib/ocaml/pervasives.cmi /usr/lib/ocaml/set.cmi /usr/lib/ocaml/topdirs.cmi /usr/lib/ocaml/str.cmi /usr/lib/ocaml/genlex.cmi /usr/lib/ocaml/camlinternalLazy.cmi /usr/lib/ocaml/string.cmi /usr/lib/ocaml/gc.cmi /usr/lib/ocaml/stack.cmi /usr/lib/ocaml/unixLabels.cmi /usr/lib/ocaml/listLabels.cmi /usr/lib/ocaml/scanf.cmi /usr/lib/ocaml/printexc.cmi /usr/lib/ocaml/format.cmi /usr/lib/ocaml/parsing.cmi /usr/lib/ocaml/sys.cmi /usr/lib/ocaml/ratio.cmi /usr/lib/ocaml/moreLabels.cmi /usr/lib/ocaml/camlinternalOO.cmi /usr/lib/ocaml/complex.cmi /usr/lib/ocaml/list.cmi /usr/lib/ocaml/random.cmi /usr/lib/ocaml/graphicsX11.cmi /usr/lib/ocaml/big_int.cmi /usr/lib/ocaml/marshal.cmi /usr/lib/ocaml/map.cmi /usr/lib/ocaml/unix.cmi /usr/lib/ocaml/arg.cmi /usr/lib/ocaml/stream.cmi /usr/lib/ocaml/num.cmi /usr/lib/ocaml/char.cmi /usr/lib/ocaml/arrayLabels.cmi /usr/lib/ocaml/printf.cmi /usr/lib/ocaml/int32.cmi /usr/lib/ocaml/std_exit.cmi /usr/lib/ocaml/arith_status.cmi /usr/lib/ocaml/nativeint.cmi /usr/lib/ocaml/callback.cmi /usr/lib/ocaml/oo.cmi /usr/lib/ocaml/graphics.cmi /usr/lib/ocaml/threads/thread.cmi /usr/lib/ocaml/threads/mutex.cmi /usr/lib/ocaml/threads/event.cmi /usr/lib/ocaml/threads/condition.cmi /usr/lib/ocaml/threads/threadUnix.cmi /mnt/ramdisk/opam-report/.opam/system/lib/type_conv/pa_type_conv.cmi /mnt/ramdisk/opam-report/.opam/system/lib/sexplib/sexplib.cmi /mnt/ramdisk/opam-report/.opam/system/lib/sexplib/sexplib_install_printers.cmi /mnt/ramdisk/opam-report/.opam/system/lib/sexplib/pa_sexp_conv.cmi /mnt/ramdisk/opam-report/.opam/system/lib/oUnit/oUnit.cmi /mnt/ramdisk/opam-report/.opam/system/lib/oUnit/oUnitDiff.cmi /mnt/ramdisk/opam-report/.opam/system/lib/pa_ounit/pa_ounit_lib.cmi /mnt/ramdisk/opam-report/.opam/system/lib/pa_ounit/pa_ounit.cmi /mnt/ramdisk/opam-report/.opam/system/lib/fieldslib/fieldslib.cmi /mnt/ramdisk/opam-report/.opam/system/lib/fieldslib/pa_fields_conv.cmi /mnt/ramdisk/opam-report/.opam/system/lib/bin_prot/bin_prot.cmi /mnt/ramdisk/opam-report/.opam/system/lib/bin_prot/pa_bin_prot.cmi /mnt/ramdisk/opam-report/.opam/system/lib/variantslib/variantslib.cmi /mnt/ramdisk/opam-report/.opam/system/lib/variantslib/pa_variants_conv.cmi /mnt/ramdisk/opam-report/.opam/system/lib/res/nopres_impl.cmi /mnt/ramdisk/opam-report/.opam/system/lib/res/nopres_intf.cmi /mnt/ramdisk/opam-report/.opam/system/lib/res/pres_impl.cmi /mnt/ramdisk/opam-report/.opam/system/lib/res/pres_intf.cmi /mnt/ramdisk/opam-report/.opam/system/lib/res/res.cmi /mnt/ramdisk/opam-report/.opam/system/lib/res/strat.cmi /mnt/ramdisk/opam-report/.opam/system/lib/res/weak_impl.cmi /mnt/ramdisk/opam-report/.opam/system/lib/res/weak_intf.cmi /mnt/ramdisk/opam-report/.opam/system/lib/core_kernel/core_kernel.cmi /mnt/ramdisk/opam-report/.opam/system/lib/core_kernel/check_caml_modify.cmi /mnt/ramdisk/opam-report/.opam/system/lib/core/core.cmi /mnt/ramdisk/opam-report/.opam/system/lib/core/core_install_printers.cmi /mnt/ramdisk/opam-report/.opam/system/lib/herelib/here.cmi /mnt/ramdisk/opam-report/.opam/system/lib/herelib/pa_here.cmi /mnt/ramdisk/opam-report/.opam/system/lib/async_core/async_core.cmi /mnt/ramdisk/opam-report/.opam/system/lib/comparelib/comparelib_dummy.cmi /mnt/ramdisk/opam-report/.opam/system/lib/comparelib/pa_compare.cmi /mnt/ramdisk/opam-report/.opam/system/lib/async_unix/async_unix.cmi /mnt/ramdisk/opam-report/.opam/system/lib/async_extra/async_extra.cmi /mnt/ramdisk/opam-report/.opam/system/lib/async/async.cmi /mnt/ramdisk/opam-report/.opam/system/lib/inotify/inotify.cmi /mnt/ramdisk/opam-report/.opam/system/lib/async_find/async_find.cmi /mnt/ramdisk/opam-report/.opam/system/lib/async_inotify/async_inotify.cmi /mnt/ramdisk/opam-report/.opam/system/lib/pcre/pcre.cmi /mnt/ramdisk/opam-report/.opam/system/lib/textutils/textutils.cmi /mnt/ramdisk/opam-report/.opam/system/lib/custom_printf/custom_printf_dummy.cmi /mnt/ramdisk/opam-report/.opam/system/lib/custom_printf/pa_custom_printf.cmi /mnt/ramdisk/opam-report/.opam/system/lib/core_extended/core_extended.cmi /mnt/ramdisk/opam-report/.opam/system/lib/async_shell/async_shell.cmi /mnt/ramdisk/opam-report/.opam/system/lib/ocaml_plugin/ocaml_plugin.cmi /mnt/ramdisk/opam-report/.opam/system/lib/ocaml_plugin/ocaml_plugin_dummy.cmi /mnt/ramdisk/opam-report/.opam/system/lib/parallel/parallel.cmi /usr/lib/ocaml/camlp4/Camlp4Top.cmi /usr/lib/ocaml/camlp4/Camlp4_config.cmi /usr/lib/ocaml/camlp4/Camlp4.cmi /usr/lib/ocaml/camlp4/Camlp4_import.cmi /usr/lib/ocaml/camlp4/Camlp4Bin.cmi /usr/lib/ocaml/camlp4/camlp4prof.cmi -o bin/jenga_archive.c
+ /mnt/ramdisk/opam-report/.opam/system/bin/ocaml-embed-compiler -pp /usr/bin/camlp4o.opt -pa-cmxs /mnt/ramdisk/opam-report/.opam/system/lib/type_conv/pa_type_conv.cmxs -pa-cmxs /mnt/ramdisk/opam-report/.opam/system/lib/sexplib/pa_sexp_conv.cmxs -pa-cmxs /mnt/ramdisk/opam-report/.opam/system/lib/pa_ounit/pa_ounit_lib.cmxs -pa-cmxs /mnt/ramdisk/opam-report/.opam/system/lib/pa_ounit/pa_ounit_syntax.cmxs -pa-cmxs /mnt/ramdisk/opam-report/.opam/system/lib/fieldslib/pa_fields_conv.cmxs -pa-cmxs /mnt/ramdisk/opam-report/.opam/system/lib/bin_prot/pa_bin_prot.cmxs -pa-cmxs /mnt/ramdisk/opam-report/.opam/system/lib/variantslib/pa_variants_conv.cmxs -pa-cmxs /mnt/ramdisk/opam-report/.opam/system/lib/herelib/pa_herelib.cmxs -pa-cmxs /mnt/ramdisk/opam-report/.opam/system/lib/comparelib/pa_compare.cmxs -pa-cmxs /mnt/ramdisk/opam-report/.opam/system/lib/custom_printf/pa_custom_printf.cmxs -cc /usr/bin/ocamlopt.opt lib/jenga_lib.cmi /usr/lib/ocaml/stringLabels.cmi /usr/lib/ocaml/bigarray.cmi /usr/lib/ocaml/com.cmi /usr/lib/ocaml/obj.cmi /usr/lib/ocaml/queue.cmi /usr/lib/ocaml/int64.cmi /usr/lib/ocaml/lazy.cmi /usr/lib/ocaml/profiling.cmi /usr/lib/ocaml/stdLabels.cmi /usr/lib/ocaml/camlinternalMod.cmi /usr/lib/ocaml/dynlink.cmi /usr/lib/ocaml/weak.cmi /usr/lib/ocaml/filename.cmi /usr/lib/ocaml/buffer.cmi /usr/lib/ocaml/hashtbl.cmi /usr/lib/ocaml/sort.cmi /usr/lib/ocaml/digest.cmi /usr/lib/ocaml/array.cmi /usr/lib/ocaml/lexing.cmi /usr/lib/ocaml/nat.cmi /usr/lib/ocaml/pervasives.cmi /usr/lib/ocaml/set.cmi /usr/lib/ocaml/topdirs.cmi /usr/lib/ocaml/str.cmi /usr/lib/ocaml/genlex.cmi /usr/lib/ocaml/camlinternalLazy.cmi /usr/lib/ocaml/string.cmi /usr/lib/ocaml/gc.cmi /usr/lib/ocaml/stack.cmi /usr/lib/ocaml/unixLabels.cmi /usr/lib/ocaml/listLabels.cmi /usr/lib/ocaml/scanf.cmi /usr/lib/ocaml/printexc.cmi /usr/lib/ocaml/format.cmi /usr/lib/ocaml/parsing.cmi /usr/lib/ocaml/sys.cmi /usr/lib/ocaml/ratio.cmi /usr/lib/ocaml/moreLabels.cmi /usr/lib/ocaml/camlinternalOO.cmi /usr/lib/ocaml/complex.cmi /usr/lib/ocaml/list.cmi /usr/lib/ocaml/random.cmi /usr/lib/ocaml/graphicsX11.cmi /usr/lib/ocaml/big_int.cmi /usr/lib/ocaml/marshal.cmi /usr/lib/ocaml/map.cmi /usr/lib/ocaml/unix.cmi /usr/lib/ocaml/arg.cmi /usr/lib/ocaml/stream.cmi /usr/lib/ocaml/num.cmi /usr/lib/ocaml/char.cmi /usr/lib/ocaml/arrayLabels.cmi /usr/lib/ocaml/printf.cmi /usr/lib/ocaml/int32.cmi /usr/lib/ocaml/std_exit.cmi /usr/lib/ocaml/arith_status.cmi /usr/lib/ocaml/nativeint.cmi /usr/lib/ocaml/callback.cmi /usr/lib/ocaml/oo.cmi /usr/lib/ocaml/graphics.cmi /usr/lib/ocaml/threads/thread.cmi /usr/lib/ocaml/threads/mutex.cmi /usr/lib/ocaml/threads/event.cmi /usr/lib/ocaml/threads/condition.cmi /usr/lib/ocaml/threads/threadUnix.cmi /mnt/ramdisk/opam-report/.opam/system/lib/type_conv/pa_type_conv.cmi /mnt/ramdisk/opam-report/.opam/system/lib/sexplib/sexplib.cmi /mnt/ramdisk/opam-report/.opam/system/lib/sexplib/sexplib_install_printers.cmi /mnt/ramdisk/opam-report/.opam/system/lib/sexplib/pa_sexp_conv.cmi /mnt/ramdisk/opam-report/.opam/system/lib/oUnit/oUnit.cmi /mnt/ramdisk/opam-report/.opam/system/lib/oUnit/oUnitDiff.cmi /mnt/ramdisk/opam-report/.opam/system/lib/pa_ounit/pa_ounit_lib.cmi /mnt/ramdisk/opam-report/.opam/system/lib/pa_ounit/pa_ounit.cmi /mnt/ramdisk/opam-report/.opam/system/lib/fieldslib/fieldslib.cmi /mnt/ramdisk/opam-report/.opam/system/lib/fieldslib/pa_fields_conv.cmi /mnt/ramdisk/opam-report/.opam/system/lib/bin_prot/bin_prot.cmi /mnt/ramdisk/opam-report/.opam/system/lib/bin_prot/pa_bin_prot.cmi /mnt/ramdisk/opam-report/.opam/system/lib/variantslib/variantslib.cmi /mnt/ramdisk/opam-report/.opam/system/lib/variantslib/pa_variants_conv.cmi /mnt/ramdisk/opam-report/.opam/system/lib/res/nopres_impl.cmi /mnt/ramdisk/opam-report/.opam/system/lib/res/nopres_intf.cmi /mnt/ramdisk/opam-report/.opam/system/lib/res/pres_impl.cmi /mnt/ramdisk/opam-report/.opam/system/lib/res/pres_intf.cmi /mnt/ramdisk/opam-report/.opam/system/lib/res/res.cmi /mnt/ramdisk/opam-report/.opam/system/lib/res/strat.cmi /mnt/ramdisk/opam-report/.opam/system/lib/res/weak_impl.cmi /mnt/ramdisk/opam-report/.opam/system/lib/res/weak_intf.cmi /mnt/ramdisk/opam-report/.opam/system/lib/core_kernel/core_kernel.cmi /mnt/ramdisk/opam-report/.opam/system/lib/core_kernel/check_caml_modify.cmi /mnt/ramdisk/opam-report/.opam/system/lib/core/core.cmi /mnt/ramdisk/opam-report/.opam/system/lib/core/core_install_printers.cmi /mnt/ramdisk/opam-report/.opam/system/lib/herelib/here.cmi /mnt/ramdisk/opam-report/.opam/system/lib/herelib/pa_here.cmi /mnt/ramdisk/opam-report/.opam/system/lib/async_core/async_core.cmi /mnt/ramdisk/opam-report/.opam/system/lib/comparelib/comparelib_dummy.cmi /mnt/ramdisk/opam-report/.opam/system/lib/comparelib/pa_compare.cmi /mnt/ramdisk/opam-report/.opam/system/lib/async_unix/async_unix.cmi /mnt/ramdisk/opam-report/.opam/system/lib/async_extra/async_extra.cmi /mnt/ramdisk/opam-report/.opam/system/lib/async/async.cmi /mnt/ramdisk/opam-report/.opam/system/lib/inotify/inotify.cmi /mnt/ramdisk/opam-report/.opam/system/lib/async_find/async_find.cmi /mnt/ramdisk/opam-report/.opam/system/lib/async_inotify/async_inotify.cmi /mnt/ramdisk/opam-report/.opam/system/lib/pcre/pcre.cmi /mnt/ramdisk/opam-report/.opam/system/lib/textutils/textutils.cmi /mnt/ramdisk/opam-report/.opam/system/lib/custom_printf/custom_printf_dummy.cmi /mnt/ramdisk/opam-report/.opam/system/lib/custom_printf/pa_custom_printf.cmi /mnt/ramdisk/opam-report/.opam/system/lib/core_extended/core_extended.cmi /mnt/ramdisk/opam-report/.opam/system/lib/async_shell/async_shell.cmi /mnt/ramdisk/opam-report/.opam/system/lib/ocaml_plugin/ocaml_plugin.cmi /mnt/ramdisk/opam-report/.opam/system/lib/ocaml_plugin/ocaml_plugin_dummy.cmi /mnt/ramdisk/opam-report/.opam/system/lib/parallel/parallel.cmi /usr/lib/ocaml/camlp4/Camlp4Top.cmi /usr/lib/ocaml/camlp4/Camlp4_config.cmi /usr/lib/ocaml/camlp4/Camlp4.cmi /usr/lib/ocaml/camlp4/Camlp4_import.cmi /usr/lib/ocaml/camlp4/Camlp4Bin.cmi /usr/lib/ocaml/camlp4/camlp4prof.cmi -o bin/jenga_archive.c
("unhandled exception"
 ((lib/monitor.ml.Error_
   ((exn (Failure "Buffer.add: cannot grow buffer"))
    (backtrace
     ("Raised at file \"pervasives.ml\", line 22, characters 22-33"
      "Called from file \"buffer.ml\", line 71, characters 9-50"
      "Called from file \"buffer.ml\", line 88, characters 34-46"
      "Called from file \"lib/reader0.ml\", line 795, characters 19-52"
      "Called from file \"lib/deferred.ml\", line 20, characters 62-65"
      "Called from file \"lib/scheduler.ml\", line 125, characters 6-17"
      "Called from file \"lib/jobs.ml\", line 65, characters 8-13" ""))
    (monitor
     (((name Monitor.protect) (here ()) (id 1857) (has_seen_error true)
       (someone_is_listening true) (kill_index 0))
      ((name try_with)
       (here
        (((pos_fname
           /mnt/ramdisk/opam-report/.opam/system/build/ocaml_plugin.109.38.00/_build/bin/ocaml_embed_compiler.ml)
          (pos_lnum 84) (pos_bol 2404) (pos_cnum 2429))))
       (id 1854) (has_seen_error true) (someone_is_listening true)
       (kill_index 0))
      ((name main) (here ()) (id 1) (has_seen_error true)
       (someone_is_listening false) (kill_index 0))))))
  (Pid 28914)))
Command exited with code 1.
