g++ -c -pipe -O2 -Wall -W -D_REENTRANT -DVERSION=\"0.9.2\" -DQT_NO_DEBUG -DQT_GUI_LIB -DQT_NETWORK_LIB -DQT_CORE_LIB -DQT_SHARED -I/usr/lib/qt4/mkspecs/linux-g++ -I. -I/usr/include/QtCore -I/usr/include/QtNetwork -I/usr/include/QtGui -I/usr/include -I. -o main.o main.cpp
g++ -c -pipe -O2 -Wall -W -D_REENTRANT -DVERSION=\"0.9.2\" -DQT_NO_DEBUG -DQT_GUI_LIB -DQT_NETWORK_LIB -DQT_CORE_LIB -DQT_SHARED -I/usr/lib/qt4/mkspecs/linux-g++ -I. -I/usr/include/QtCore -I/usr/include/QtNetwork -I/usr/include/QtGui -I/usr/include -I. -o arguments.o arguments.cpp
g++ -c -pipe -O2 -Wall -W -D_REENTRANT -DVERSION=\"0.9.2\" -DQT_NO_DEBUG -DQT_GUI_LIB -DQT_NETWORK_LIB -DQT_CORE_LIB -DQT_SHARED -I/usr/lib/qt4/mkspecs/linux-g++ -I. -I/usr/include/QtCore -I/usr/include/QtNetwork -I/usr/include/QtGui -I/usr/include -I. -o textdiff.o textdiff.cpp
g++ -c -pipe -O2 -Wall -W -D_REENTRANT -DVERSION=\"0.9.2\" -DQT_NO_DEBUG -DQT_GUI_LIB -DQT_NETWORK_LIB -DQT_CORE_LIB -DQT_SHARED -I/usr/lib/qt4/mkspecs/linux-g++ -I. -I/usr/include/QtCore -I/usr/include/QtNetwork -I/usr/include/QtGui -I/usr/include -I. -o ocamlrun.o ocamlrun.cpp
g++ -c -pipe -O2 -Wall -W -D_REENTRANT -DVERSION=\"0.9.2\" -DQT_NO_DEBUG -DQT_GUI_LIB -DQT_NETWORK_LIB -DQT_CORE_LIB -DQT_SHARED -I/usr/lib/qt4/mkspecs/linux-g++ -I. -I/usr/include/QtCore -I/usr/include/QtNetwork -I/usr/include/QtGui -I/usr/include -I. -o ocamlbreakpoint.o ocamlbreakpoint.cpp
g++ -c -pipe -O2 -Wall -W -D_REENTRANT -DVERSION=\"0.9.2\" -DQT_NO_DEBUG -DQT_GUI_LIB -DQT_NETWORK_LIB -DQT_CORE_LIB -DQT_SHARED -I/usr/lib/qt4/mkspecs/linux-g++ -I. -I/usr/include/QtCore -I/usr/include/QtNetwork -I/usr/include/QtGui -I/usr/include -I. -o ocamlstack.o ocamlstack.cpp
g++ -c -pipe -O2 -Wall -W -D_REENTRANT -DVERSION=\"0.9.2\" -DQT_NO_DEBUG -DQT_GUI_LIB -DQT_NETWORK_LIB -DQT_CORE_LIB -DQT_SHARED -I/usr/lib/qt4/mkspecs/linux-g++ -I. -I/usr/include/QtCore -I/usr/include/QtNetwork -I/usr/include/QtGui -I/usr/include -I. -o ocamlsourcehighlighter.o ocamlsourcehighlighter.cpp
g++ -c -pipe -O2 -Wall -W -D_REENTRANT -DVERSION=\"0.9.2\" -DQT_NO_DEBUG -DQT_GUI_LIB -DQT_NETWORK_LIB -DQT_CORE_LIB -DQT_SHARED -I/usr/lib/qt4/mkspecs/linux-g++ -I. -I/usr/include/QtCore -I/usr/include/QtNetwork -I/usr/include/QtGui -I/usr/include -I. -o ocamldebughighlighter.o ocamldebughighlighter.cpp
g++ -c -pipe -O2 -Wall -W -D_REENTRANT -DVERSION=\"0.9.2\" -DQT_NO_DEBUG -DQT_GUI_LIB -DQT_NETWORK_LIB -DQT_CORE_LIB -DQT_SHARED -I/usr/lib/qt4/mkspecs/linux-g++ -I. -I/usr/include/QtCore -I/usr/include/QtNetwork -I/usr/include/QtGui -I/usr/include -I. -o filesystemwatcher.o filesystemwatcher.cpp
g++ -c -pipe -O2 -Wall -W -D_REENTRANT -DVERSION=\"0.9.2\" -DQT_NO_DEBUG -DQT_GUI_LIB -DQT_NETWORK_LIB -DQT_CORE_LIB -DQT_SHARED -I/usr/lib/qt4/mkspecs/linux-g++ -I. -I/usr/include/QtCore -I/usr/include/QtNetwork -I/usr/include/QtGui -I/usr/include -I. -o ocamlwatch.o ocamlwatch.cpp
g++ -c -pipe -O2 -Wall -W -D_REENTRANT -DVERSION=\"0.9.2\" -DQT_NO_DEBUG -DQT_GUI_LIB -DQT_NETWORK_LIB -DQT_CORE_LIB -DQT_SHARED -I/usr/lib/qt4/mkspecs/linux-g++ -I. -I/usr/include/QtCore -I/usr/include/QtNetwork -I/usr/include/QtGui -I/usr/include -I. -o ocamldebug.o ocamldebug.cpp
g++ -c -pipe -O2 -Wall -W -D_REENTRANT -DVERSION=\"0.9.2\" -DQT_NO_DEBUG -DQT_GUI_LIB -DQT_NETWORK_LIB -DQT_CORE_LIB -DQT_SHARED -I/usr/lib/qt4/mkspecs/linux-g++ -I. -I/usr/include/QtCore -I/usr/include/QtNetwork -I/usr/include/QtGui -I/usr/include -I. -o mainwindow.o mainwindow.cpp
g++ -c -pipe -O2 -Wall -W -D_REENTRANT -DVERSION=\"0.9.2\" -DQT_NO_DEBUG -DQT_GUI_LIB -DQT_NETWORK_LIB -DQT_CORE_LIB -DQT_SHARED -I/usr/lib/qt4/mkspecs/linux-g++ -I. -I/usr/include/QtCore -I/usr/include/QtNetwork -I/usr/include/QtGui -I/usr/include -I. -o options.o options.cpp
g++ -c -pipe -O2 -Wall -W -D_REENTRANT -DVERSION=\"0.9.2\" -DQT_NO_DEBUG -DQT_GUI_LIB -DQT_NETWORK_LIB -DQT_CORE_LIB -DQT_SHARED -I/usr/lib/qt4/mkspecs/linux-g++ -I. -I/usr/include/QtCore -I/usr/include/QtNetwork -I/usr/include/QtGui -I/usr/include -I. -o ocamlsource.o ocamlsource.cpp
/usr/lib/qt4/bin/moc -DVERSION=\"0.9.2\" -DQT_NO_DEBUG -DQT_GUI_LIB -DQT_NETWORK_LIB -DQT_CORE_LIB -DQT_SHARED -I/usr/lib/qt4/mkspecs/linux-g++ -I. -I/usr/include/QtCore -I/usr/include/QtNetwork -I/usr/include/QtGui -I/usr/include -I. mainwindow.h -o moc_mainwindow.cpp
g++ -c -pipe -O2 -Wall -W -D_REENTRANT -DVERSION=\"0.9.2\" -DQT_NO_DEBUG -DQT_GUI_LIB -DQT_NETWORK_LIB -DQT_CORE_LIB -DQT_SHARED -I/usr/lib/qt4/mkspecs/linux-g++ -I. -I/usr/include/QtCore -I/usr/include/QtNetwork -I/usr/include/QtGui -I/usr/include -I. -o moc_mainwindow.o moc_mainwindow.cpp
/usr/lib/qt4/bin/moc -DVERSION=\"0.9.2\" -DQT_NO_DEBUG -DQT_GUI_LIB -DQT_NETWORK_LIB -DQT_CORE_LIB -DQT_SHARED -I/usr/lib/qt4/mkspecs/linux-g++ -I. -I/usr/include/QtCore -I/usr/include/QtNetwork -I/usr/include/QtGui -I/usr/include -I. ocamlsourcehighlighter.h -o moc_ocamlsourcehighlighter.cpp
g++ -c -pipe -O2 -Wall -W -D_REENTRANT -DVERSION=\"0.9.2\" -DQT_NO_DEBUG -DQT_GUI_LIB -DQT_NETWORK_LIB -DQT_CORE_LIB -DQT_SHARED -I/usr/lib/qt4/mkspecs/linux-g++ -I. -I/usr/include/QtCore -I/usr/include/QtNetwork -I/usr/include/QtGui -I/usr/include -I. -o moc_ocamlsourcehighlighter.o moc_ocamlsourcehighlighter.cpp
/usr/lib/qt4/bin/moc -DVERSION=\"0.9.2\" -DQT_NO_DEBUG -DQT_GUI_LIB -DQT_NETWORK_LIB -DQT_CORE_LIB -DQT_SHARED -I/usr/lib/qt4/mkspecs/linux-g++ -I. -I/usr/include/QtCore -I/usr/include/QtNetwork -I/usr/include/QtGui -I/usr/include -I. ocamldebughighlighter.h -o moc_ocamldebughighlighter.cpp
g++ -c -pipe -O2 -Wall -W -D_REENTRANT -DVERSION=\"0.9.2\" -DQT_NO_DEBUG -DQT_GUI_LIB -DQT_NETWORK_LIB -DQT_CORE_LIB -DQT_SHARED -I/usr/lib/qt4/mkspecs/linux-g++ -I. -I/usr/include/QtCore -I/usr/include/QtNetwork -I/usr/include/QtGui -I/usr/include -I. -o moc_ocamldebughighlighter.o moc_ocamldebughighlighter.cpp
/usr/lib/qt4/bin/moc -DVERSION=\"0.9.2\" -DQT_NO_DEBUG -DQT_GUI_LIB -DQT_NETWORK_LIB -DQT_CORE_LIB -DQT_SHARED -I/usr/lib/qt4/mkspecs/linux-g++ -I. -I/usr/include/QtCore -I/usr/include/QtNetwork -I/usr/include/QtGui -I/usr/include -I. ocamldebug.h -o moc_ocamldebug.cpp
g++ -c -pipe -O2 -Wall -W -D_REENTRANT -DVERSION=\"0.9.2\" -DQT_NO_DEBUG -DQT_GUI_LIB -DQT_NETWORK_LIB -DQT_CORE_LIB -DQT_SHARED -I/usr/lib/qt4/mkspecs/linux-g++ -I. -I/usr/include/QtCore -I/usr/include/QtNetwork -I/usr/include/QtGui -I/usr/include -I. -o moc_ocamldebug.o moc_ocamldebug.cpp
/usr/lib/qt4/bin/moc -DVERSION=\"0.9.2\" -DQT_NO_DEBUG -DQT_GUI_LIB -DQT_NETWORK_LIB -DQT_CORE_LIB -DQT_SHARED -I/usr/lib/qt4/mkspecs/linux-g++ -I. -I/usr/include/QtCore -I/usr/include/QtNetwork -I/usr/include/QtGui -I/usr/include -I. ocamlwatch.h -o moc_ocamlwatch.cpp
g++ -c -pipe -O2 -Wall -W -D_REENTRANT -DVERSION=\"0.9.2\" -DQT_NO_DEBUG -DQT_GUI_LIB -DQT_NETWORK_LIB -DQT_CORE_LIB -DQT_SHARED -I/usr/lib/qt4/mkspecs/linux-g++ -I. -I/usr/include/QtCore -I/usr/include/QtNetwork -I/usr/include/QtGui -I/usr/include -I. -o moc_ocamlwatch.o moc_ocamlwatch.cpp
/usr/lib/qt4/bin/moc -DVERSION=\"0.9.2\" -DQT_NO_DEBUG -DQT_GUI_LIB -DQT_NETWORK_LIB -DQT_CORE_LIB -DQT_SHARED -I/usr/lib/qt4/mkspecs/linux-g++ -I. -I/usr/include/QtCore -I/usr/include/QtNetwork -I/usr/include/QtGui -I/usr/include -I. ocamlstack.h -o moc_ocamlstack.cpp
g++ -c -pipe -O2 -Wall -W -D_REENTRANT -DVERSION=\"0.9.2\" -DQT_NO_DEBUG -DQT_GUI_LIB -DQT_NETWORK_LIB -DQT_CORE_LIB -DQT_SHARED -I/usr/lib/qt4/mkspecs/linux-g++ -I. -I/usr/include/QtCore -I/usr/include/QtNetwork -I/usr/include/QtGui -I/usr/include -I. -o moc_ocamlstack.o moc_ocamlstack.cpp
/usr/lib/qt4/bin/moc -DVERSION=\"0.9.2\" -DQT_NO_DEBUG -DQT_GUI_LIB -DQT_NETWORK_LIB -DQT_CORE_LIB -DQT_SHARED -I/usr/lib/qt4/mkspecs/linux-g++ -I. -I/usr/include/QtCore -I/usr/include/QtNetwork -I/usr/include/QtGui -I/usr/include -I. ocamlrun.h -o moc_ocamlrun.cpp
g++ -c -pipe -O2 -Wall -W -D_REENTRANT -DVERSION=\"0.9.2\" -DQT_NO_DEBUG -DQT_GUI_LIB -DQT_NETWORK_LIB -DQT_CORE_LIB -DQT_SHARED -I/usr/lib/qt4/mkspecs/linux-g++ -I. -I/usr/include/QtCore -I/usr/include/QtNetwork -I/usr/include/QtGui -I/usr/include -I. -o moc_ocamlrun.o moc_ocamlrun.cpp
/usr/lib/qt4/bin/moc -DVERSION=\"0.9.2\" -DQT_NO_DEBUG -DQT_GUI_LIB -DQT_NETWORK_LIB -DQT_CORE_LIB -DQT_SHARED -I/usr/lib/qt4/mkspecs/linux-g++ -I. -I/usr/include/QtCore -I/usr/include/QtNetwork -I/usr/include/QtGui -I/usr/include -I. ocamlbreakpoint.h -o moc_ocamlbreakpoint.cpp
g++ -c -pipe -O2 -Wall -W -D_REENTRANT -DVERSION=\"0.9.2\" -DQT_NO_DEBUG -DQT_GUI_LIB -DQT_NETWORK_LIB -DQT_CORE_LIB -DQT_SHARED -I/usr/lib/qt4/mkspecs/linux-g++ -I. -I/usr/include/QtCore -I/usr/include/QtNetwork -I/usr/include/QtGui -I/usr/include -I. -o moc_ocamlbreakpoint.o moc_ocamlbreakpoint.cpp
/usr/lib/qt4/bin/moc -DVERSION=\"0.9.2\" -DQT_NO_DEBUG -DQT_GUI_LIB -DQT_NETWORK_LIB -DQT_CORE_LIB -DQT_SHARED -I/usr/lib/qt4/mkspecs/linux-g++ -I. -I/usr/include/QtCore -I/usr/include/QtNetwork -I/usr/include/QtGui -I/usr/include -I. filesystemwatcher.h -o moc_filesystemwatcher.cpp
g++ -c -pipe -O2 -Wall -W -D_REENTRANT -DVERSION=\"0.9.2\" -DQT_NO_DEBUG -DQT_GUI_LIB -DQT_NETWORK_LIB -DQT_CORE_LIB -DQT_SHARED -I/usr/lib/qt4/mkspecs/linux-g++ -I. -I/usr/include/QtCore -I/usr/include/QtNetwork -I/usr/include/QtGui -I/usr/include -I. -o moc_filesystemwatcher.o moc_filesystemwatcher.cpp
/usr/lib/qt4/bin/moc -DVERSION=\"0.9.2\" -DQT_NO_DEBUG -DQT_GUI_LIB -DQT_NETWORK_LIB -DQT_CORE_LIB -DQT_SHARED -I/usr/lib/qt4/mkspecs/linux-g++ -I. -I/usr/include/QtCore -I/usr/include/QtNetwork -I/usr/include/QtGui -I/usr/include -I. ocamlsource.h -o moc_ocamlsource.cpp
g++ -c -pipe -O2 -Wall -W -D_REENTRANT -DVERSION=\"0.9.2\" -DQT_NO_DEBUG -DQT_GUI_LIB -DQT_NETWORK_LIB -DQT_CORE_LIB -DQT_SHARED -I/usr/lib/qt4/mkspecs/linux-g++ -I. -I/usr/include/QtCore -I/usr/include/QtNetwork -I/usr/include/QtGui -I/usr/include -I. -o moc_ocamlsource.o moc_ocamlsource.cpp
/usr/lib/qt4/bin/rcc -name oqamldebug oqamldebug.qrc -o qrc_oqamldebug.cpp
g++ -c -pipe -O2 -Wall -W -D_REENTRANT -DVERSION=\"0.9.2\" -DQT_NO_DEBUG -DQT_GUI_LIB -DQT_NETWORK_LIB -DQT_CORE_LIB -DQT_SHARED -I/usr/lib/qt4/mkspecs/linux-g++ -I. -I/usr/include/QtCore -I/usr/include/QtNetwork -I/usr/include/QtGui -I/usr/include -I. -o qrc_oqamldebug.o qrc_oqamldebug.cpp
g++ -Wl,-O1 -o oqamldebug main.o arguments.o textdiff.o ocamlrun.o ocamlbreakpoint.o ocamlstack.o ocamlsourcehighlighter.o ocamldebughighlighter.o filesystemwatcher.o ocamlwatch.o ocamldebug.o mainwindow.o options.o ocamlsource.o moc_mainwindow.o moc_ocamlsourcehighlighter.o moc_ocamldebughighlighter.o moc_ocamldebug.o moc_ocamlwatch.o moc_ocamlstack.o moc_ocamlrun.o moc_ocamlbreakpoint.o moc_filesystemwatcher.o moc_ocamlsource.o qrc_oqamldebug.o    -L/usr/lib -lQtGui -L/usr/lib -lQtNetwork -lQtCore -lpthread 
